# JRE version: Java(TM) SE Runtime Environment (8.0_251-b08) (build 1.8.0_251-b08)
# Java VM: Java HotSpot(TM) 64-Bit Server VM (25.251-b08 mixed mode windows-amd64 compressed oops)
Heap:
 PSYoungGen      total 34816K, used 25853K [0x00000000e5b00000, 0x00000000e8100000, 0x0000000100000000)
  eden space 31744K, 81% used [0x00000000e5b00000,0x00000000e743f780,0x00000000e7a00000)
  from space 3072K, 0% used [0x00000000e7e00000,0x00000000e7e00000,0x00000000e8100000)
  to   space 3072K, 0% used [0x00000000e7b00000,0x00000000e7b00000,0x00000000e7e00000)
 ParOldGen       total 113664K, used 44543K [0x00000000b1000000, 0x00000000b7f00000, 0x00000000e5b00000)
  object space 113664K, 39% used [0x00000000b1000000,0x00000000b3b7fc18,0x00000000b7f00000)
 Metaspace       used 17777K, capacity 18042K, committed 18304K, reserved 1064960K
  class space    used 2044K, capacity 2124K, committed 2176K, reserved 1048576K
GC Heap History (10 events):
Event: 3.676 GC heap before
{Heap before GC invocations=2 (full 0):
 PSYoungGen      total 24064K, used 24055K [0x00000000e5b00000, 0x00000000e7580000, 0x0000000100000000)
  eden space 20992K, 100% used [0x00000000e5b00000,0x00000000e6f80000,0x00000000e6f80000)
  from space 3072K, 99% used [0x00000000e6f80000,0x00000000e727dde0,0x00000000e7280000)
  to   space 3072K, 0% used [0x00000000e7280000,0x00000000e7280000,0x00000000e7580000)
 ParOldGen       total 54784K, used 24440K [0x00000000b1000000, 0x00000000b4580000, 0x00000000e5b00000)
  object space 54784K, 44% used [0x00000000b1000000,0x00000000b27de2c0,0x00000000b4580000)
 Metaspace       used 13569K, capacity 13828K, committed 13952K, reserved 1060864K
  class space    used 1532K, capacity 1629K, committed 1664K, reserved 1048576K
Event: 3.706 GC heap after
Heap after GC invocations=2 (full 0):
 PSYoungGen      total 24064K, used 2752K [0x00000000e5b00000, 0x00000000e8a00000, 0x0000000100000000)
  eden space 20992K, 0% used [0x00000000e5b00000,0x00000000e5b00000,0x00000000e6f80000)
  from space 3072K, 89% used [0x00000000e7280000,0x00000000e7530020,0x00000000e7580000)
  to   space 3072K, 0% used [0x00000000e6f80000,0x00000000e6f80000,0x00000000e7280000)
 ParOldGen       total 54784K, used 48748K [0x00000000b1000000, 0x00000000b4580000, 0x00000000e5b00000)
  object space 54784K, 88% used [0x00000000b1000000,0x00000000b3f9b2f0,0x00000000b4580000)
 Metaspace       used 13569K, capacity 13828K, committed 13952K, reserved 1060864K
  class space    used 1532K, capacity 1629K, committed 1664K, reserved 1048576K
}
Event: 3.706 GC heap before
{Heap before GC invocations=3 (full 1):
 PSYoungGen      total 24064K, used 2752K [0x00000000e5b00000, 0x00000000e8a00000, 0x0000000100000000)
  eden space 20992K, 0% used [0x00000000e5b00000,0x00000000e5b00000,0x00000000e6f80000)
  from space 3072K, 89% used [0x00000000e7280000,0x00000000e7530020,0x00000000e7580000)
  to   space 3072K, 0% used [0x00000000e6f80000,0x00000000e6f80000,0x00000000e7280000)
 ParOldGen       total 54784K, used 48748K [0x00000000b1000000, 0x00000000b4580000, 0x00000000e5b00000)
  object space 54784K, 88% used [0x00000000b1000000,0x00000000b3f9b2f0,0x00000000b4580000)
 Metaspace       used 13569K, capacity 13828K, committed 13952K, reserved 1060864K
  class space    used 1532K, capacity 1629K, committed 1664K, reserved 1048576K
Event: 3.772 GC heap after
Heap after GC invocations=3 (full 1):
 PSYoungGen      total 24064K, used 0K [0x00000000e5b00000, 0x00000000e8a00000, 0x0000000100000000)
  eden space 20992K, 0% used [0x00000000e5b00000,0x00000000e5b00000,0x00000000e6f80000)
  from space 3072K, 0% used [0x00000000e7280000,0x00000000e7280000,0x00000000e7580000)
  to   space 3072K, 0% used [0x00000000e6f80000,0x00000000e6f80000,0x00000000e7280000)
 ParOldGen       total 72192K, used 18921K [0x00000000b1000000, 0x00000000b5680000, 0x00000000e5b00000)
  object space 72192K, 26% used [0x00000000b1000000,0x00000000b227a648,0x00000000b5680000)
 Metaspace       used 13569K, capacity 13828K, committed 13952K, reserved 1060864K
  class space    used 1532K, capacity 1629K, committed 1664K, reserved 1048576K
}
Event: 12.787 GC heap before
{Heap before GC invocations=4 (full 1):
 PSYoungGen      total 24064K, used 20661K [0x00000000e5b00000, 0x00000000e8a00000, 0x0000000100000000)
  eden space 20992K, 98% used [0x00000000e5b00000,0x00000000e6f2d780,0x00000000e6f80000)
  from space 3072K, 0% used [0x00000000e7280000,0x00000000e7280000,0x00000000e7580000)
  to   space 3072K, 0% used [0x00000000e6f80000,0x00000000e6f80000,0x00000000e7280000)
 ParOldGen       total 72192K, used 39017K [0x00000000b1000000, 0x00000000b5680000, 0x00000000e5b00000)
  object space 72192K, 54% used [0x00000000b1000000,0x00000000b361a6a8,0x00000000b5680000)
 Metaspace       used 17217K, capacity 17450K, committed 17792K, reserved 1064960K
  class space    used 1996K, capacity 2084K, committed 2176K, reserved 1048576K
Event: 12.801 GC heap after
Heap after GC invocations=4 (full 1):
 PSYoungGen      total 24064K, used 3057K [0x00000000e5b00000, 0x00000000e8100000, 0x0000000100000000)
  eden space 20992K, 0% used [0x00000000e5b00000,0x00000000e5b00000,0x00000000e6f80000)
  from space 3072K, 99% used [0x00000000e6f80000,0x00000000e727c660,0x00000000e7280000)
  to   space 3072K, 0% used [0x00000000e7e00000,0x00000000e7e00000,0x00000000e8100000)
 ParOldGen       total 72192K, used 40113K [0x00000000b1000000, 0x00000000b5680000, 0x00000000e5b00000)
  object space 72192K, 55% used [0x00000000b1000000,0x00000000b372c710,0x00000000b5680000)
 Metaspace       used 17217K, capacity 17450K, committed 17792K, reserved 1064960K
  class space    used 1996K, capacity 2084K, committed 2176K, reserved 1048576K
}
Event: 17.339 GC heap before
{Heap before GC invocations=5 (full 1):
 PSYoungGen      total 24064K, used 24049K [0x00000000e5b00000, 0x00000000e8100000, 0x0000000100000000)
  eden space 20992K, 100% used [0x00000000e5b00000,0x00000000e6f80000,0x00000000e6f80000)
  from space 3072K, 99% used [0x00000000e6f80000,0x00000000e727c660,0x00000000e7280000)
  to   space 3072K, 0% used [0x00000000e7e00000,0x00000000e7e00000,0x00000000e8100000)
 ParOldGen       total 72192K, used 40113K [0x00000000b1000000, 0x00000000b5680000, 0x00000000e5b00000)
  object space 72192K, 55% used [0x00000000b1000000,0x00000000b372c710,0x00000000b5680000)
 Metaspace       used 17467K, capacity 17680K, committed 18048K, reserved 1064960K
  class space    used 2026K, capacity 2117K, committed 2176K, reserved 1048576K
Event: 17.360 GC heap after
Heap after GC invocations=5 (full 1):
 PSYoungGen      total 34816K, used 2980K [0x00000000e5b00000, 0x00000000e8100000, 0x0000000100000000)
  eden space 31744K, 0% used [0x00000000e5b00000,0x00000000e5b00000,0x00000000e7a00000)
  from space 3072K, 97% used [0x00000000e7e00000,0x00000000e80e9108,0x00000000e8100000)
  to   space 3072K, 0% used [0x00000000e7b00000,0x00000000e7b00000,0x00000000e7e00000)
 ParOldGen       total 72192K, used 50349K [0x00000000b1000000, 0x00000000b5680000, 0x00000000e5b00000)
  object space 72192K, 69% used [0x00000000b1000000,0x00000000b412b550,0x00000000b5680000)
 Metaspace       used 17467K, capacity 17680K, committed 18048K, reserved 1064960K
  class space    used 2026K, capacity 2117K, committed 2176K, reserved 1048576K
}
Event: 17.361 GC heap before
{Heap before GC invocations=6 (full 2):
 PSYoungGen      total 34816K, used 2980K [0x00000000e5b00000, 0x00000000e8100000, 0x0000000100000000)
  eden space 31744K, 0% used [0x00000000e5b00000,0x00000000e5b00000,0x00000000e7a00000)
  from space 3072K, 97% used [0x00000000e7e00000,0x00000000e80e9108,0x00000000e8100000)
  to   space 3072K, 0% used [0x00000000e7b00000,0x00000000e7b00000,0x00000000e7e00000)
 ParOldGen       total 72192K, used 50349K [0x00000000b1000000, 0x00000000b5680000, 0x00000000e5b00000)
  object space 72192K, 69% used [0x00000000b1000000,0x00000000b412b550,0x00000000b5680000)
 Metaspace       used 17467K, capacity 17680K, committed 18048K, reserved 1064960K
  class space    used 2026K, capacity 2117K, committed 2176K, reserved 1048576K
Event: 17.412 GC heap after
Heap after GC invocations=6 (full 2):
 PSYoungGen      total 34816K, used 0K [0x00000000e5b00000, 0x00000000e8100000, 0x0000000100000000)
  eden space 31744K, 0% used [0x00000000e5b00000,0x00000000e5b00000,0x00000000e7a00000)
  from space 3072K, 0% used [0x00000000e7e00000,0x00000000e7e00000,0x00000000e8100000)
  to   space 3072K, 0% used [0x00000000e7b00000,0x00000000e7b00000,0x00000000e7e00000)
 ParOldGen       total 113664K, used 44543K [0x00000000b1000000, 0x00000000b7f00000, 0x00000000e5b00000)
  object space 113664K, 39% used [0x00000000b1000000,0x00000000b3b7fc18,0x00000000b7f00000)
 Metaspace       used 17467K, capacity 17680K, committed 18048K, reserved 1064960K
  class space    used 2026K, capacity 2117K, committed 2176K, reserved 1048576K
}

