# JRE version: Java(TM) SE Runtime Environment (8.0_251-b08) (build 1.8.0_251-b08)
# Java VM: Java HotSpot(TM) 64-Bit Server VM (25.251-b08 mixed mode windows-amd64 compressed oops)
Heap:
 PSYoungGen      total 70656K, used 9067K [0x00000000e5b00000, 0x00000000ea300000, 0x0000000100000000)
  eden space 67584K, 12% used [0x00000000e5b00000,0x00000000e62fe8b0,0x00000000e9d00000)
  from space 3072K, 28% used [0x00000000ea000000,0x00000000ea0dc4d0,0x00000000ea300000)
  to   space 3072K, 0% used [0x00000000e9d00000,0x00000000e9d00000,0x00000000ea000000)
 ParOldGen       total 130560K, used 48605K [0x00000000b1000000, 0x00000000b8f80000, 0x00000000e5b00000)
  object space 130560K, 37% used [0x00000000b1000000,0x00000000b3f775f0,0x00000000b8f80000)
 Metaspace       used 17707K, capacity 17936K, committed 18304K, reserved 1064960K
  class space    used 2040K, capacity 2117K, committed 2176K, reserved 1048576K
GC Heap History (10 events):
Event: 3.028 GC heap before
{Heap before GC invocations=2 (full 0):
 PSYoungGen      total 24064K, used 24058K [0x00000000e5b00000, 0x00000000e8a00000, 0x0000000100000000)
  eden space 20992K, 100% used [0x00000000e5b00000,0x00000000e6f80000,0x00000000e6f80000)
  from space 3072K, 99% used [0x00000000e6f80000,0x00000000e727ead8,0x00000000e7280000)
  to   space 3072K, 0% used [0x00000000e8700000,0x00000000e8700000,0x00000000e8a00000)
 ParOldGen       total 54784K, used 8262K [0x00000000b1000000, 0x00000000b4580000, 0x00000000e5b00000)
  object space 54784K, 15% used [0x00000000b1000000,0x00000000b1811bf8,0x00000000b4580000)
 Metaspace       used 13550K, capacity 13828K, committed 13952K, reserved 1060864K
  class space    used 1532K, capacity 1629K, committed 1664K, reserved 1048576K
Event: 3.049 GC heap after
Heap after GC invocations=2 (full 0):
 PSYoungGen      total 45056K, used 2752K [0x00000000e5b00000, 0x00000000e8a00000, 0x0000000100000000)
  eden space 41984K, 0% used [0x00000000e5b00000,0x00000000e5b00000,0x00000000e8400000)
  from space 3072K, 89% used [0x00000000e8700000,0x00000000e89b0000,0x00000000e8a00000)
  to   space 3072K, 0% used [0x00000000e8400000,0x00000000e8400000,0x00000000e8700000)
 ParOldGen       total 54784K, used 32571K [0x00000000b1000000, 0x00000000b4580000, 0x00000000e5b00000)
  object space 54784K, 59% used [0x00000000b1000000,0x00000000b2fcec28,0x00000000b4580000)
 Metaspace       used 13550K, capacity 13828K, committed 13952K, reserved 1060864K
  class space    used 1532K, capacity 1629K, committed 1664K, reserved 1048576K
}
Event: 3.049 GC heap before
{Heap before GC invocations=3 (full 1):
 PSYoungGen      total 45056K, used 2752K [0x00000000e5b00000, 0x00000000e8a00000, 0x0000000100000000)
  eden space 41984K, 0% used [0x00000000e5b00000,0x00000000e5b00000,0x00000000e8400000)
  from space 3072K, 89% used [0x00000000e8700000,0x00000000e89b0000,0x00000000e8a00000)
  to   space 3072K, 0% used [0x00000000e8400000,0x00000000e8400000,0x00000000e8700000)
 ParOldGen       total 54784K, used 32571K [0x00000000b1000000, 0x00000000b4580000, 0x00000000e5b00000)
  object space 54784K, 59% used [0x00000000b1000000,0x00000000b2fcec28,0x00000000b4580000)
 Metaspace       used 13550K, capacity 13828K, committed 13952K, reserved 1060864K
  class space    used 1532K, capacity 1629K, committed 1664K, reserved 1048576K
Event: 3.089 GC heap after
Heap after GC invocations=3 (full 1):
 PSYoungGen      total 45056K, used 0K [0x00000000e5b00000, 0x00000000e8a00000, 0x0000000100000000)
  eden space 41984K, 0% used [0x00000000e5b00000,0x00000000e5b00000,0x00000000e8400000)
  from space 3072K, 0% used [0x00000000e8700000,0x00000000e8700000,0x00000000e8a00000)
  to   space 3072K, 0% used [0x00000000e8400000,0x00000000e8400000,0x00000000e8700000)
 ParOldGen       total 75776K, used 19013K [0x00000000b1000000, 0x00000000b5a00000, 0x00000000e5b00000)
  object space 75776K, 25% used [0x00000000b1000000,0x00000000b22916b8,0x00000000b5a00000)
 Metaspace       used 13550K, capacity 13828K, committed 13952K, reserved 1060864K
  class space    used 1532K, capacity 1629K, committed 1664K, reserved 1048576K
}
Event: 10.008 GC heap before
{Heap before GC invocations=4 (full 1):
 PSYoungGen      total 45056K, used 41634K [0x00000000e5b00000, 0x00000000e8a00000, 0x0000000100000000)
  eden space 41984K, 99% used [0x00000000e5b00000,0x00000000e83a8bc8,0x00000000e8400000)
  from space 3072K, 0% used [0x00000000e8700000,0x00000000e8700000,0x00000000e8a00000)
  to   space 3072K, 0% used [0x00000000e8400000,0x00000000e8400000,0x00000000e8700000)
 ParOldGen       total 75776K, used 19013K [0x00000000b1000000, 0x00000000b5a00000, 0x00000000e5b00000)
  object space 75776K, 25% used [0x00000000b1000000,0x00000000b22916b8,0x00000000b5a00000)
 Metaspace       used 17008K, capacity 17226K, committed 17536K, reserved 1064960K
  class space    used 1989K, capacity 2052K, committed 2176K, reserved 1048576K
Event: 10.045 GC heap after
Heap after GC invocations=4 (full 1):
 PSYoungGen      total 45056K, used 3051K [0x00000000e5b00000, 0x00000000ea300000, 0x0000000100000000)
  eden space 41984K, 0% used [0x00000000e5b00000,0x00000000e5b00000,0x00000000e8400000)
  from space 3072K, 99% used [0x00000000e8400000,0x00000000e86fad30,0x00000000e8700000)
  to   space 3072K, 0% used [0x00000000ea000000,0x00000000ea000000,0x00000000ea300000)
 ParOldGen       total 75776K, used 60280K [0x00000000b1000000, 0x00000000b5a00000, 0x00000000e5b00000)
  object space 75776K, 79% used [0x00000000b1000000,0x00000000b4ade200,0x00000000b5a00000)
 Metaspace       used 17008K, capacity 17226K, committed 17536K, reserved 1064960K
  class space    used 1989K, capacity 2052K, committed 2176K, reserved 1048576K
}
Event: 10.045 GC heap before
{Heap before GC invocations=5 (full 2):
 PSYoungGen      total 45056K, used 3051K [0x00000000e5b00000, 0x00000000ea300000, 0x0000000100000000)
  eden space 41984K, 0% used [0x00000000e5b00000,0x00000000e5b00000,0x00000000e8400000)
  from space 3072K, 99% used [0x00000000e8400000,0x00000000e86fad30,0x00000000e8700000)
  to   space 3072K, 0% used [0x00000000ea000000,0x00000000ea000000,0x00000000ea300000)
 ParOldGen       total 75776K, used 60280K [0x00000000b1000000, 0x00000000b5a00000, 0x00000000e5b00000)
  object space 75776K, 79% used [0x00000000b1000000,0x00000000b4ade200,0x00000000b5a00000)
 Metaspace       used 17008K, capacity 17226K, committed 17536K, reserved 1064960K
  class space    used 1989K, capacity 2052K, committed 2176K, reserved 1048576K
Event: 10.091 GC heap after
Heap after GC invocations=5 (full 2):
 PSYoungGen      total 45056K, used 0K [0x00000000e5b00000, 0x00000000ea300000, 0x0000000100000000)
  eden space 41984K, 0% used [0x00000000e5b00000,0x00000000e5b00000,0x00000000e8400000)
  from space 3072K, 0% used [0x00000000e8400000,0x00000000e8400000,0x00000000e8700000)
  to   space 3072K, 0% used [0x00000000ea000000,0x00000000ea000000,0x00000000ea300000)
 ParOldGen       total 130560K, used 43197K [0x00000000b1000000, 0x00000000b8f80000, 0x00000000e5b00000)
  object space 130560K, 33% used [0x00000000b1000000,0x00000000b3a2f5d0,0x00000000b8f80000)
 Metaspace       used 17008K, capacity 17226K, committed 17536K, reserved 1064960K
  class space    used 1989K, capacity 2052K, committed 2176K, reserved 1048576K
}
Event: 70.744 GC heap before
{Heap before GC invocations=6 (full 2):
 PSYoungGen      total 45056K, used 41984K [0x00000000e5b00000, 0x00000000ea300000, 0x0000000100000000)
  eden space 41984K, 100% used [0x00000000e5b00000,0x00000000e8400000,0x00000000e8400000)
  from space 3072K, 0% used [0x00000000e8400000,0x00000000e8400000,0x00000000e8700000)
  to   space 3072K, 0% used [0x00000000ea000000,0x00000000ea000000,0x00000000ea300000)
 ParOldGen       total 130560K, used 43197K [0x00000000b1000000, 0x00000000b8f80000, 0x00000000e5b00000)
  object space 130560K, 33% used [0x00000000b1000000,0x00000000b3a2f5d0,0x00000000b8f80000)
 Metaspace       used 17454K, capacity 17680K, committed 18048K, reserved 1064960K
  class space    used 2025K, capacity 2117K, committed 2176K, reserved 1048576K
Event: 70.752 GC heap after
Heap after GC invocations=6 (full 2):
 PSYoungGen      total 70656K, used 881K [0x00000000e5b00000, 0x00000000ea300000, 0x0000000100000000)
  eden space 67584K, 0% used [0x00000000e5b00000,0x00000000e5b00000,0x00000000e9d00000)
  from space 3072K, 28% used [0x00000000ea000000,0x00000000ea0dc4d0,0x00000000ea300000)
  to   space 3072K, 0% used [0x00000000e9d00000,0x00000000e9d00000,0x00000000ea000000)
 ParOldGen       total 130560K, used 48605K [0x00000000b1000000, 0x00000000b8f80000, 0x00000000e5b00000)
  object space 130560K, 37% used [0x00000000b1000000,0x00000000b3f775f0,0x00000000b8f80000)
 Metaspace       used 17454K, capacity 17680K, committed 18048K, reserved 1064960K
  class space    used 2025K, capacity 2117K, committed 2176K, reserved 1048576K
}

