# JRE version: Java(TM) SE Runtime Environment (8.0_251-b08) (build 1.8.0_251-b08)
# Java VM: Java HotSpot(TM) 64-Bit Server VM (25.251-b08 mixed mode windows-amd64 compressed oops)
Heap:
 PSYoungGen      total 70144K, used 4700K [0x00000000e5b00000, 0x00000000ea500000, 0x0000000100000000)
  eden space 67072K, 4% used [0x00000000e5b00000,0x00000000e5dba1c0,0x00000000e9c80000)
  from space 3072K, 62% used [0x00000000e9f80000,0x00000000ea15d080,0x00000000ea280000)
  to   space 3072K, 0% used [0x00000000e9c80000,0x00000000e9c80000,0x00000000e9f80000)
 ParOldGen       total 122368K, used 43835K [0x00000000b1000000, 0x00000000b8780000, 0x00000000e5b00000)
  object space 122368K, 35% used [0x00000000b1000000,0x00000000b3acefe8,0x00000000b8780000)
 Metaspace       used 17878K, capacity 18156K, committed 18304K, reserved 1064960K
  class space    used 2056K, capacity 2149K, committed 2176K, reserved 1048576K
GC Heap History (10 events):
Event: 3.939 GC heap before
{Heap before GC invocations=2 (full 0):
 PSYoungGen      total 24064K, used 24055K [0x00000000e5b00000, 0x00000000e8a00000, 0x0000000100000000)
  eden space 20992K, 99% used [0x00000000e5b00000,0x00000000e6f7fe80,0x00000000e6f80000)
  from space 3072K, 99% used [0x00000000e6f80000,0x00000000e727dde0,0x00000000e7280000)
  to   space 3072K, 0% used [0x00000000e8700000,0x00000000e8700000,0x00000000e8a00000)
 ParOldGen       total 54784K, used 24432K [0x00000000b1000000, 0x00000000b4580000, 0x00000000e5b00000)
  object space 54784K, 44% used [0x00000000b1000000,0x00000000b27dc080,0x00000000b4580000)
 Metaspace       used 13562K, capacity 13824K, committed 13952K, reserved 1060864K
  class space    used 1532K, capacity 1629K, committed 1664K, reserved 1048576K
Event: 3.969 GC heap after
Heap after GC invocations=2 (full 0):
 PSYoungGen      total 45056K, used 2752K [0x00000000e5b00000, 0x00000000e8a00000, 0x0000000100000000)
  eden space 41984K, 0% used [0x00000000e5b00000,0x00000000e5b00000,0x00000000e8400000)
  from space 3072K, 89% used [0x00000000e8700000,0x00000000e89b0000,0x00000000e8a00000)
  to   space 3072K, 0% used [0x00000000e8400000,0x00000000e8400000,0x00000000e8700000)
 ParOldGen       total 54784K, used 48740K [0x00000000b1000000, 0x00000000b4580000, 0x00000000e5b00000)
  object space 54784K, 88% used [0x00000000b1000000,0x00000000b3f990b0,0x00000000b4580000)
 Metaspace       used 13562K, capacity 13824K, committed 13952K, reserved 1060864K
  class space    used 1532K, capacity 1629K, committed 1664K, reserved 1048576K
}
Event: 3.969 GC heap before
{Heap before GC invocations=3 (full 1):
 PSYoungGen      total 45056K, used 2752K [0x00000000e5b00000, 0x00000000e8a00000, 0x0000000100000000)
  eden space 41984K, 0% used [0x00000000e5b00000,0x00000000e5b00000,0x00000000e8400000)
  from space 3072K, 89% used [0x00000000e8700000,0x00000000e89b0000,0x00000000e8a00000)
  to   space 3072K, 0% used [0x00000000e8400000,0x00000000e8400000,0x00000000e8700000)
 ParOldGen       total 54784K, used 48740K [0x00000000b1000000, 0x00000000b4580000, 0x00000000e5b00000)
  object space 54784K, 88% used [0x00000000b1000000,0x00000000b3f990b0,0x00000000b4580000)
 Metaspace       used 13562K, capacity 13824K, committed 13952K, reserved 1060864K
  class space    used 1532K, capacity 1629K, committed 1664K, reserved 1048576K
Event: 4.029 GC heap after
Heap after GC invocations=3 (full 1):
 PSYoungGen      total 45056K, used 0K [0x00000000e5b00000, 0x00000000e8a00000, 0x0000000100000000)
  eden space 41984K, 0% used [0x00000000e5b00000,0x00000000e5b00000,0x00000000e8400000)
  from space 3072K, 0% used [0x00000000e8700000,0x00000000e8700000,0x00000000e8a00000)
  to   space 3072K, 0% used [0x00000000e8400000,0x00000000e8400000,0x00000000e8700000)
 ParOldGen       total 71680K, used 18922K [0x00000000b1000000, 0x00000000b5600000, 0x00000000e5b00000)
  object space 71680K, 26% used [0x00000000b1000000,0x00000000b227aa00,0x00000000b5600000)
 Metaspace       used 13562K, capacity 13824K, committed 13952K, reserved 1060864K
  class space    used 1532K, capacity 1629K, committed 1664K, reserved 1048576K
}
Event: 34.013 GC heap before
{Heap before GC invocations=4 (full 1):
 PSYoungGen      total 45056K, used 41984K [0x00000000e5b00000, 0x00000000e8a00000, 0x0000000100000000)
  eden space 41984K, 100% used [0x00000000e5b00000,0x00000000e8400000,0x00000000e8400000)
  from space 3072K, 0% used [0x00000000e8700000,0x00000000e8700000,0x00000000e8a00000)
  to   space 3072K, 0% used [0x00000000e8400000,0x00000000e8400000,0x00000000e8700000)
 ParOldGen       total 71680K, used 18922K [0x00000000b1000000, 0x00000000b5600000, 0x00000000e5b00000)
  object space 71680K, 26% used [0x00000000b1000000,0x00000000b227aa00,0x00000000b5600000)
 Metaspace       used 16970K, capacity 17158K, committed 17536K, reserved 1064960K
  class space    used 1979K, capacity 2052K, committed 2176K, reserved 1048576K
Event: 34.064 GC heap after
Heap after GC invocations=4 (full 1):
 PSYoungGen      total 45056K, used 3052K [0x00000000e5b00000, 0x00000000ea280000, 0x0000000100000000)
  eden space 41984K, 0% used [0x00000000e5b00000,0x00000000e5b00000,0x00000000e8400000)
  from space 3072K, 99% used [0x00000000e8400000,0x00000000e86fb0c0,0x00000000e8700000)
  to   space 3072K, 0% used [0x00000000e9f80000,0x00000000e9f80000,0x00000000ea280000)
 ParOldGen       total 71680K, used 60924K [0x00000000b1000000, 0x00000000b5600000, 0x00000000e5b00000)
  object space 71680K, 84% used [0x00000000b1000000,0x00000000b4b7f330,0x00000000b5600000)
 Metaspace       used 16970K, capacity 17158K, committed 17536K, reserved 1064960K
  class space    used 1979K, capacity 2052K, committed 2176K, reserved 1048576K
}
Event: 34.064 GC heap before
{Heap before GC invocations=5 (full 2):
 PSYoungGen      total 45056K, used 3052K [0x00000000e5b00000, 0x00000000ea280000, 0x0000000100000000)
  eden space 41984K, 0% used [0x00000000e5b00000,0x00000000e5b00000,0x00000000e8400000)
  from space 3072K, 99% used [0x00000000e8400000,0x00000000e86fb0c0,0x00000000e8700000)
  to   space 3072K, 0% used [0x00000000e9f80000,0x00000000e9f80000,0x00000000ea280000)
 ParOldGen       total 71680K, used 60924K [0x00000000b1000000, 0x00000000b5600000, 0x00000000e5b00000)
  object space 71680K, 84% used [0x00000000b1000000,0x00000000b4b7f330,0x00000000b5600000)
 Metaspace       used 16970K, capacity 17158K, committed 17536K, reserved 1064960K
  class space    used 1979K, capacity 2052K, committed 2176K, reserved 1048576K
Event: 34.119 GC heap after
Heap after GC invocations=5 (full 2):
 PSYoungGen      total 45056K, used 0K [0x00000000e5b00000, 0x00000000ea280000, 0x0000000100000000)
  eden space 41984K, 0% used [0x00000000e5b00000,0x00000000e5b00000,0x00000000e8400000)
  from space 3072K, 0% used [0x00000000e8400000,0x00000000e8400000,0x00000000e8700000)
  to   space 3072K, 0% used [0x00000000e9f80000,0x00000000e9f80000,0x00000000ea280000)
 ParOldGen       total 122368K, used 43827K [0x00000000b1000000, 0x00000000b8780000, 0x00000000e5b00000)
  object space 122368K, 35% used [0x00000000b1000000,0x00000000b3accfe8,0x00000000b8780000)
 Metaspace       used 16970K, capacity 17158K, committed 17536K, reserved 1064960K
  class space    used 1979K, capacity 2052K, committed 2176K, reserved 1048576K
}
Event: 73.807 GC heap before
{Heap before GC invocations=6 (full 2):
 PSYoungGen      total 45056K, used 41984K [0x00000000e5b00000, 0x00000000ea280000, 0x0000000100000000)
  eden space 41984K, 100% used [0x00000000e5b00000,0x00000000e8400000,0x00000000e8400000)
  from space 3072K, 0% used [0x00000000e8400000,0x00000000e8400000,0x00000000e8700000)
  to   space 3072K, 0% used [0x00000000e9f80000,0x00000000e9f80000,0x00000000ea280000)
 ParOldGen       total 122368K, used 43827K [0x00000000b1000000, 0x00000000b8780000, 0x00000000e5b00000)
  object space 122368K, 35% used [0x00000000b1000000,0x00000000b3accfe8,0x00000000b8780000)
 Metaspace       used 17833K, capacity 18028K, committed 18304K, reserved 1064960K
  class space    used 2056K, capacity 2149K, committed 2176K, reserved 1048576K
Event: 73.812 GC heap after
Heap after GC invocations=6 (full 2):
 PSYoungGen      total 70144K, used 1908K [0x00000000e5b00000, 0x00000000ea500000, 0x0000000100000000)
  eden space 67072K, 0% used [0x00000000e5b00000,0x00000000e5b00000,0x00000000e9c80000)
  from space 3072K, 62% used [0x00000000e9f80000,0x00000000ea15d080,0x00000000ea280000)
  to   space 3072K, 0% used [0x00000000e9c80000,0x00000000e9c80000,0x00000000e9f80000)
 ParOldGen       total 122368K, used 43835K [0x00000000b1000000, 0x00000000b8780000, 0x00000000e5b00000)
  object space 122368K, 35% used [0x00000000b1000000,0x00000000b3acefe8,0x00000000b8780000)
 Metaspace       used 17833K, capacity 18028K, committed 18304K, reserved 1064960K
  class space    used 2056K, capacity 2149K, committed 2176K, reserved 1048576K
}

