# JRE version: Java(TM) SE Runtime Environment (8.0_251-b08) (build 1.8.0_251-b08)
# Java VM: Java HotSpot(TM) 64-Bit Server VM (25.251-b08 mixed mode windows-amd64 compressed oops)
Heap:
 PSYoungGen      total 37376K, used 28158K [0x00000000e5b00000, 0x00000000e8300000, 0x0000000100000000)
  eden space 34816K, 75% used [0x00000000e5b00000,0x00000000e7488e28,0x00000000e7d00000)
  from space 2560K, 78% used [0x00000000e8080000,0x00000000e8276b78,0x00000000e8300000)
  to   space 3072K, 0% used [0x00000000e7d00000,0x00000000e7d00000,0x00000000e8000000)
 ParOldGen       total 108544K, used 53912K [0x00000000b1000000, 0x00000000b7a00000, 0x00000000e5b00000)
  object space 108544K, 49% used [0x00000000b1000000,0x00000000b44a6040,0x00000000b7a00000)
 Metaspace       used 17759K, capacity 17932K, committed 18304K, reserved 1064960K
  class space    used 2040K, capacity 2117K, committed 2176K, reserved 1048576K
GC Heap History (10 events):
Event: 3.129 GC heap before
{Heap before GC invocations=2 (full 0):
 PSYoungGen      total 24064K, used 24039K [0x00000000e5b00000, 0x00000000e7580000, 0x0000000100000000)
  eden space 20992K, 100% used [0x00000000e5b00000,0x00000000e6f80000,0x00000000e6f80000)
  from space 3072K, 99% used [0x00000000e6f80000,0x00000000e7279dd0,0x00000000e7280000)
  to   space 3072K, 0% used [0x00000000e7280000,0x00000000e7280000,0x00000000e7580000)
 ParOldGen       total 54784K, used 24461K [0x00000000b1000000, 0x00000000b4580000, 0x00000000e5b00000)
  object space 54784K, 44% used [0x00000000b1000000,0x00000000b27e3698,0x00000000b4580000)
 Metaspace       used 13572K, capacity 13824K, committed 13952K, reserved 1060864K
  class space    used 1532K, capacity 1629K, committed 1664K, reserved 1048576K
Event: 3.153 GC heap after
Heap after GC invocations=2 (full 0):
 PSYoungGen      total 24064K, used 2752K [0x00000000e5b00000, 0x00000000e8a00000, 0x0000000100000000)
  eden space 20992K, 0% used [0x00000000e5b00000,0x00000000e5b00000,0x00000000e6f80000)
  from space 3072K, 89% used [0x00000000e7280000,0x00000000e7530000,0x00000000e7580000)
  to   space 3072K, 0% used [0x00000000e6f80000,0x00000000e6f80000,0x00000000e7280000)
 ParOldGen       total 54784K, used 48769K [0x00000000b1000000, 0x00000000b4580000, 0x00000000e5b00000)
  object space 54784K, 89% used [0x00000000b1000000,0x00000000b3fa06c8,0x00000000b4580000)
 Metaspace       used 13572K, capacity 13824K, committed 13952K, reserved 1060864K
  class space    used 1532K, capacity 1629K, committed 1664K, reserved 1048576K
}
Event: 3.153 GC heap before
{Heap before GC invocations=3 (full 1):
 PSYoungGen      total 24064K, used 2752K [0x00000000e5b00000, 0x00000000e8a00000, 0x0000000100000000)
  eden space 20992K, 0% used [0x00000000e5b00000,0x00000000e5b00000,0x00000000e6f80000)
  from space 3072K, 89% used [0x00000000e7280000,0x00000000e7530000,0x00000000e7580000)
  to   space 3072K, 0% used [0x00000000e6f80000,0x00000000e6f80000,0x00000000e7280000)
 ParOldGen       total 54784K, used 48769K [0x00000000b1000000, 0x00000000b4580000, 0x00000000e5b00000)
  object space 54784K, 89% used [0x00000000b1000000,0x00000000b3fa06c8,0x00000000b4580000)
 Metaspace       used 13572K, capacity 13824K, committed 13952K, reserved 1060864K
  class space    used 1532K, capacity 1629K, committed 1664K, reserved 1048576K
Event: 3.195 GC heap after
Heap after GC invocations=3 (full 1):
 PSYoungGen      total 24064K, used 0K [0x00000000e5b00000, 0x00000000e8a00000, 0x0000000100000000)
  eden space 20992K, 0% used [0x00000000e5b00000,0x00000000e5b00000,0x00000000e6f80000)
  from space 3072K, 0% used [0x00000000e7280000,0x00000000e7280000,0x00000000e7580000)
  to   space 3072K, 0% used [0x00000000e6f80000,0x00000000e6f80000,0x00000000e7280000)
 ParOldGen       total 69632K, used 18925K [0x00000000b1000000, 0x00000000b5400000, 0x00000000e5b00000)
  object space 69632K, 27% used [0x00000000b1000000,0x00000000b227b570,0x00000000b5400000)
 Metaspace       used 13572K, capacity 13824K, committed 13952K, reserved 1060864K
  class space    used 1532K, capacity 1629K, committed 1664K, reserved 1048576K
}
Event: 17.691 GC heap before
{Heap before GC invocations=4 (full 1):
 PSYoungGen      total 24064K, used 20285K [0x00000000e5b00000, 0x00000000e8a00000, 0x0000000100000000)
  eden space 20992K, 96% used [0x00000000e5b00000,0x00000000e6ecf648,0x00000000e6f80000)
  from space 3072K, 0% used [0x00000000e7280000,0x00000000e7280000,0x00000000e7580000)
  to   space 3072K, 0% used [0x00000000e6f80000,0x00000000e6f80000,0x00000000e7280000)
 ParOldGen       total 69632K, used 39021K [0x00000000b1000000, 0x00000000b5400000, 0x00000000e5b00000)
  object space 69632K, 56% used [0x00000000b1000000,0x00000000b361b5d0,0x00000000b5400000)
 Metaspace       used 17038K, capacity 17286K, committed 17536K, reserved 1064960K
  class space    used 1988K, capacity 2052K, committed 2176K, reserved 1048576K
Event: 17.699 GC heap after
Heap after GC invocations=4 (full 1):
 PSYoungGen      total 24064K, used 3060K [0x00000000e5b00000, 0x00000000e8380000, 0x0000000100000000)
  eden space 20992K, 0% used [0x00000000e5b00000,0x00000000e5b00000,0x00000000e6f80000)
  from space 3072K, 99% used [0x00000000e6f80000,0x00000000e727d328,0x00000000e7280000)
  to   space 3072K, 0% used [0x00000000e8080000,0x00000000e8080000,0x00000000e8380000)
 ParOldGen       total 69632K, used 40449K [0x00000000b1000000, 0x00000000b5400000, 0x00000000e5b00000)
  object space 69632K, 58% used [0x00000000b1000000,0x00000000b37807d8,0x00000000b5400000)
 Metaspace       used 17038K, capacity 17286K, committed 17536K, reserved 1064960K
  class space    used 1988K, capacity 2052K, committed 2176K, reserved 1048576K
}
Event: 17.699 GC heap before
{Heap before GC invocations=5 (full 2):
 PSYoungGen      total 24064K, used 3060K [0x00000000e5b00000, 0x00000000e8380000, 0x0000000100000000)
  eden space 20992K, 0% used [0x00000000e5b00000,0x00000000e5b00000,0x00000000e6f80000)
  from space 3072K, 99% used [0x00000000e6f80000,0x00000000e727d328,0x00000000e7280000)
  to   space 3072K, 0% used [0x00000000e8080000,0x00000000e8080000,0x00000000e8380000)
 ParOldGen       total 69632K, used 40449K [0x00000000b1000000, 0x00000000b5400000, 0x00000000e5b00000)
  object space 69632K, 58% used [0x00000000b1000000,0x00000000b37807d8,0x00000000b5400000)
 Metaspace       used 17038K, capacity 17286K, committed 17536K, reserved 1064960K
  class space    used 1988K, capacity 2052K, committed 2176K, reserved 1048576K
Event: 17.841 GC heap after
Heap after GC invocations=5 (full 2):
 PSYoungGen      total 24064K, used 0K [0x00000000e5b00000, 0x00000000e8380000, 0x0000000100000000)
  eden space 20992K, 0% used [0x00000000e5b00000,0x00000000e5b00000,0x00000000e6f80000)
  from space 3072K, 0% used [0x00000000e6f80000,0x00000000e6f80000,0x00000000e7280000)
  to   space 3072K, 0% used [0x00000000e8080000,0x00000000e8080000,0x00000000e8380000)
 ParOldGen       total 108544K, used 42968K [0x00000000b1000000, 0x00000000b7a00000, 0x00000000e5b00000)
  object space 108544K, 39% used [0x00000000b1000000,0x00000000b39f62c0,0x00000000b7a00000)
 Metaspace       used 17038K, capacity 17286K, committed 17536K, reserved 1064960K
  class space    used 1988K, capacity 2052K, committed 2176K, reserved 1048576K
}
Event: 21.410 GC heap before
{Heap before GC invocations=6 (full 2):
 PSYoungGen      total 24064K, used 20992K [0x00000000e5b00000, 0x00000000e8380000, 0x0000000100000000)
  eden space 20992K, 100% used [0x00000000e5b00000,0x00000000e6f80000,0x00000000e6f80000)
  from space 3072K, 0% used [0x00000000e6f80000,0x00000000e6f80000,0x00000000e7280000)
  to   space 3072K, 0% used [0x00000000e8080000,0x00000000e8080000,0x00000000e8380000)
 ParOldGen       total 108544K, used 42968K [0x00000000b1000000, 0x00000000b7a00000, 0x00000000e5b00000)
  object space 108544K, 39% used [0x00000000b1000000,0x00000000b39f62c0,0x00000000b7a00000)
 Metaspace       used 17399K, capacity 17612K, committed 17792K, reserved 1064960K
  class space    used 2025K, capacity 2117K, committed 2176K, reserved 1048576K
Event: 21.418 GC heap after
Heap after GC invocations=6 (full 2):
 PSYoungGen      total 37376K, used 2010K [0x00000000e5b00000, 0x00000000e8300000, 0x0000000100000000)
  eden space 34816K, 0% used [0x00000000e5b00000,0x00000000e5b00000,0x00000000e7d00000)
  from space 2560K, 78% used [0x00000000e8080000,0x00000000e8276b78,0x00000000e8300000)
  to   space 3072K, 0% used [0x00000000e7d00000,0x00000000e7d00000,0x00000000e8000000)
 ParOldGen       total 108544K, used 53912K [0x00000000b1000000, 0x00000000b7a00000, 0x00000000e5b00000)
  object space 108544K, 49% used [0x00000000b1000000,0x00000000b44a6040,0x00000000b7a00000)
 Metaspace       used 17399K, capacity 17612K, committed 17792K, reserved 1064960K
  class space    used 2025K, capacity 2117K, committed 2176K, reserved 1048576K
}

