# JRE version: Java(TM) SE Runtime Environment (8.0_251-b08) (build 1.8.0_251-b08)
# Java VM: Java HotSpot(TM) 64-Bit Server VM (25.251-b08 mixed mode windows-amd64 compressed oops)
Heap:
 PSYoungGen      total 65536K, used 8774K [0x00000000e5b00000, 0x00000000ea100000, 0x0000000100000000)
  eden space 62464K, 14% used [0x00000000e5b00000,0x00000000e63918e8,0x00000000e9800000)
  from space 3072K, 0% used [0x00000000e9e00000,0x00000000e9e00000,0x00000000ea100000)
  to   space 3072K, 0% used [0x00000000e9b00000,0x00000000e9b00000,0x00000000e9e00000)
 ParOldGen       total 115712K, used 43994K [0x00000000b1000000, 0x00000000b8100000, 0x00000000e5b00000)
  object space 115712K, 38% used [0x00000000b1000000,0x00000000b3af6978,0x00000000b8100000)
 Metaspace       used 17769K, capacity 17996K, committed 18304K, reserved 1064960K
  class space    used 2041K, capacity 2117K, committed 2176K, reserved 1048576K
GC Heap History (10 events):
Event: 2.573 GC heap before
{Heap before GC invocations=2 (full 0):
 PSYoungGen      total 24064K, used 24039K [0x00000000e5b00000, 0x00000000e8a00000, 0x0000000100000000)
  eden space 20992K, 100% used [0x00000000e5b00000,0x00000000e6f80000,0x00000000e6f80000)
  from space 3072K, 99% used [0x00000000e6f80000,0x00000000e7279dd0,0x00000000e7280000)
  to   space 3072K, 0% used [0x00000000e8700000,0x00000000e8700000,0x00000000e8a00000)
 ParOldGen       total 54784K, used 24454K [0x00000000b1000000, 0x00000000b4580000, 0x00000000e5b00000)
  object space 54784K, 44% used [0x00000000b1000000,0x00000000b27e1968,0x00000000b4580000)
 Metaspace       used 13551K, capacity 13824K, committed 13952K, reserved 1060864K
  class space    used 1532K, capacity 1629K, committed 1664K, reserved 1048576K
Event: 2.597 GC heap after
Heap after GC invocations=2 (full 0):
 PSYoungGen      total 45056K, used 2752K [0x00000000e5b00000, 0x00000000e8a00000, 0x0000000100000000)
  eden space 41984K, 0% used [0x00000000e5b00000,0x00000000e5b00000,0x00000000e8400000)
  from space 3072K, 89% used [0x00000000e8700000,0x00000000e89b0000,0x00000000e8a00000)
  to   space 3072K, 0% used [0x00000000e8400000,0x00000000e8400000,0x00000000e8700000)
 ParOldGen       total 54784K, used 48762K [0x00000000b1000000, 0x00000000b4580000, 0x00000000e5b00000)
  object space 54784K, 89% used [0x00000000b1000000,0x00000000b3f9e998,0x00000000b4580000)
 Metaspace       used 13551K, capacity 13824K, committed 13952K, reserved 1060864K
  class space    used 1532K, capacity 1629K, committed 1664K, reserved 1048576K
}
Event: 2.597 GC heap before
{Heap before GC invocations=3 (full 1):
 PSYoungGen      total 45056K, used 2752K [0x00000000e5b00000, 0x00000000e8a00000, 0x0000000100000000)
  eden space 41984K, 0% used [0x00000000e5b00000,0x00000000e5b00000,0x00000000e8400000)
  from space 3072K, 89% used [0x00000000e8700000,0x00000000e89b0000,0x00000000e8a00000)
  to   space 3072K, 0% used [0x00000000e8400000,0x00000000e8400000,0x00000000e8700000)
 ParOldGen       total 54784K, used 48762K [0x00000000b1000000, 0x00000000b4580000, 0x00000000e5b00000)
  object space 54784K, 89% used [0x00000000b1000000,0x00000000b3f9e998,0x00000000b4580000)
 Metaspace       used 13551K, capacity 13824K, committed 13952K, reserved 1060864K
  class space    used 1532K, capacity 1629K, committed 1664K, reserved 1048576K
Event: 2.646 GC heap after
Heap after GC invocations=3 (full 1):
 PSYoungGen      total 45056K, used 0K [0x00000000e5b00000, 0x00000000e8a00000, 0x0000000100000000)
  eden space 41984K, 0% used [0x00000000e5b00000,0x00000000e5b00000,0x00000000e8400000)
  from space 3072K, 0% used [0x00000000e8700000,0x00000000e8700000,0x00000000e8a00000)
  to   space 3072K, 0% used [0x00000000e8400000,0x00000000e8400000,0x00000000e8700000)
 ParOldGen       total 72192K, used 18831K [0x00000000b1000000, 0x00000000b5680000, 0x00000000e5b00000)
  object space 72192K, 26% used [0x00000000b1000000,0x00000000b2263df8,0x00000000b5680000)
 Metaspace       used 13551K, capacity 13824K, committed 13952K, reserved 1060864K
  class space    used 1532K, capacity 1629K, committed 1664K, reserved 1048576K
}
Event: 17.268 GC heap before
{Heap before GC invocations=4 (full 1):
 PSYoungGen      total 45056K, used 41984K [0x00000000e5b00000, 0x00000000e8a00000, 0x0000000100000000)
  eden space 41984K, 100% used [0x00000000e5b00000,0x00000000e8400000,0x00000000e8400000)
  from space 3072K, 0% used [0x00000000e8700000,0x00000000e8700000,0x00000000e8a00000)
  to   space 3072K, 0% used [0x00000000e8400000,0x00000000e8400000,0x00000000e8700000)
 ParOldGen       total 72192K, used 18831K [0x00000000b1000000, 0x00000000b5680000, 0x00000000e5b00000)
  object space 72192K, 26% used [0x00000000b1000000,0x00000000b2263df8,0x00000000b5680000)
 Metaspace       used 17104K, capacity 17286K, committed 17536K, reserved 1064960K
  class space    used 1992K, capacity 2052K, committed 2176K, reserved 1048576K
Event: 17.292 GC heap after
Heap after GC invocations=4 (full 1):
 PSYoungGen      total 45056K, used 3041K [0x00000000e5b00000, 0x00000000ea100000, 0x0000000100000000)
  eden space 41984K, 0% used [0x00000000e5b00000,0x00000000e5b00000,0x00000000e8400000)
  from space 3072K, 99% used [0x00000000e8400000,0x00000000e86f85c8,0x00000000e8700000)
  to   space 3072K, 0% used [0x00000000e9e00000,0x00000000e9e00000,0x00000000ea100000)
 ParOldGen       total 72192K, used 40639K [0x00000000b1000000, 0x00000000b5680000, 0x00000000e5b00000)
  object space 72192K, 56% used [0x00000000b1000000,0x00000000b37aff80,0x00000000b5680000)
 Metaspace       used 17104K, capacity 17286K, committed 17536K, reserved 1064960K
  class space    used 1992K, capacity 2052K, committed 2176K, reserved 1048576K
}
Event: 60.607 GC heap before
{Heap before GC invocations=5 (full 1):
 PSYoungGen      total 45056K, used 45025K [0x00000000e5b00000, 0x00000000ea100000, 0x0000000100000000)
  eden space 41984K, 100% used [0x00000000e5b00000,0x00000000e8400000,0x00000000e8400000)
  from space 3072K, 99% used [0x00000000e8400000,0x00000000e86f85c8,0x00000000e8700000)
  to   space 3072K, 0% used [0x00000000e9e00000,0x00000000e9e00000,0x00000000ea100000)
 ParOldGen       total 72192K, used 40639K [0x00000000b1000000, 0x00000000b5680000, 0x00000000e5b00000)
  object space 72192K, 56% used [0x00000000b1000000,0x00000000b37aff80,0x00000000b5680000)
 Metaspace       used 17729K, capacity 17932K, committed 18304K, reserved 1064960K
  class space    used 2041K, capacity 2117K, committed 2176K, reserved 1048576K
Event: 60.616 GC heap after
Heap after GC invocations=5 (full 1):
 PSYoungGen      total 65536K, used 3056K [0x00000000e5b00000, 0x00000000ea100000, 0x0000000100000000)
  eden space 62464K, 0% used [0x00000000e5b00000,0x00000000e5b00000,0x00000000e9800000)
  from space 3072K, 99% used [0x00000000e9e00000,0x00000000ea0fc308,0x00000000ea100000)
  to   space 3072K, 0% used [0x00000000e9b00000,0x00000000e9b00000,0x00000000e9e00000)
 ParOldGen       total 72192K, used 41974K [0x00000000b1000000, 0x00000000b5680000, 0x00000000e5b00000)
  object space 72192K, 58% used [0x00000000b1000000,0x00000000b38fdb60,0x00000000b5680000)
 Metaspace       used 17729K, capacity 17932K, committed 18304K, reserved 1064960K
  class space    used 2041K, capacity 2117K, committed 2176K, reserved 1048576K
}
Event: 60.617 GC heap before
{Heap before GC invocations=6 (full 2):
 PSYoungGen      total 65536K, used 3056K [0x00000000e5b00000, 0x00000000ea100000, 0x0000000100000000)
  eden space 62464K, 0% used [0x00000000e5b00000,0x00000000e5b00000,0x00000000e9800000)
  from space 3072K, 99% used [0x00000000e9e00000,0x00000000ea0fc308,0x00000000ea100000)
  to   space 3072K, 0% used [0x00000000e9b00000,0x00000000e9b00000,0x00000000e9e00000)
 ParOldGen       total 72192K, used 41974K [0x00000000b1000000, 0x00000000b5680000, 0x00000000e5b00000)
  object space 72192K, 58% used [0x00000000b1000000,0x00000000b38fdb60,0x00000000b5680000)
 Metaspace       used 17729K, capacity 17932K, committed 18304K, reserved 1064960K
  class space    used 2041K, capacity 2117K, committed 2176K, reserved 1048576K
Event: 60.680 GC heap after
Heap after GC invocations=6 (full 2):
 PSYoungGen      total 65536K, used 0K [0x00000000e5b00000, 0x00000000ea100000, 0x0000000100000000)
  eden space 62464K, 0% used [0x00000000e5b00000,0x00000000e5b00000,0x00000000e9800000)
  from space 3072K, 0% used [0x00000000e9e00000,0x00000000e9e00000,0x00000000ea100000)
  to   space 3072K, 0% used [0x00000000e9b00000,0x00000000e9b00000,0x00000000e9e00000)
 ParOldGen       total 115712K, used 43994K [0x00000000b1000000, 0x00000000b8100000, 0x00000000e5b00000)
  object space 115712K, 38% used [0x00000000b1000000,0x00000000b3af6978,0x00000000b8100000)
 Metaspace       used 17729K, capacity 17932K, committed 18304K, reserved 1064960K
  class space    used 2041K, capacity 2117K, committed 2176K, reserved 1048576K
}

