# JRE version: Java(TM) SE Runtime Environment (8.0_251-b08) (build 1.8.0_251-b08)
# Java VM: Java HotSpot(TM) 64-Bit Server VM (25.251-b08 mixed mode windows-amd64 compressed oops)
Heap:
 PSYoungGen      total 45056K, used 37563K [0x00000000e5b00000, 0x00000000ea400000, 0x0000000100000000)
  eden space 41984K, 89% used [0x00000000e5b00000,0x00000000e7faee60,0x00000000e8400000)
  from space 3072K, 0% used [0x00000000e8400000,0x00000000e8400000,0x00000000e8700000)
  to   space 3072K, 0% used [0x00000000ea100000,0x00000000ea100000,0x00000000ea400000)
 ParOldGen       total 120832K, used 43124K [0x00000000b1000000, 0x00000000b8600000, 0x00000000e5b00000)
  object space 120832K, 35% used [0x00000000b1000000,0x00000000b3a1d308,0x00000000b8600000)
 Metaspace       used 17570K, capacity 17808K, committed 18048K, reserved 1064960K
  class space    used 2039K, capacity 2117K, committed 2176K, reserved 1048576K
GC Heap History (10 events):
Event: 2.599 GC heap before
{Heap before GC invocations=1 (full 0):
 PSYoungGen      total 24064K, used 20992K [0x00000000e5b00000, 0x00000000e7580000, 0x0000000100000000)
  eden space 20992K, 100% used [0x00000000e5b00000,0x00000000e6f80000,0x00000000e6f80000)
  from space 3072K, 0% used [0x00000000e7280000,0x00000000e7280000,0x00000000e7580000)
  to   space 3072K, 0% used [0x00000000e6f80000,0x00000000e6f80000,0x00000000e7280000)
 ParOldGen       total 54784K, used 0K [0x00000000b1000000, 0x00000000b4580000, 0x00000000e5b00000)
  object space 54784K, 0% used [0x00000000b1000000,0x00000000b1000000,0x00000000b4580000)
 Metaspace       used 13516K, capacity 13756K, committed 13952K, reserved 1060864K
  class space    used 1530K, capacity 1629K, committed 1664K, reserved 1048576K
Event: 2.636 GC heap after
Heap after GC invocations=1 (full 0):
 PSYoungGen      total 24064K, used 3063K [0x00000000e5b00000, 0x00000000e8a00000, 0x0000000100000000)
  eden space 20992K, 0% used [0x00000000e5b00000,0x00000000e5b00000,0x00000000e6f80000)
  from space 3072K, 99% used [0x00000000e6f80000,0x00000000e727dde0,0x00000000e7280000)
  to   space 3072K, 0% used [0x00000000e8700000,0x00000000e8700000,0x00000000e8a00000)
 ParOldGen       total 54784K, used 24458K [0x00000000b1000000, 0x00000000b4580000, 0x00000000e5b00000)
  object space 54784K, 44% used [0x00000000b1000000,0x00000000b27e28c8,0x00000000b4580000)
 Metaspace       used 13516K, capacity 13756K, committed 13952K, reserved 1060864K
  class space    used 1530K, capacity 1629K, committed 1664K, reserved 1048576K
}
Event: 3.025 GC heap before
{Heap before GC invocations=2 (full 0):
 PSYoungGen      total 24064K, used 24055K [0x00000000e5b00000, 0x00000000e8a00000, 0x0000000100000000)
  eden space 20992K, 100% used [0x00000000e5b00000,0x00000000e6f80000,0x00000000e6f80000)
  from space 3072K, 99% used [0x00000000e6f80000,0x00000000e727dde0,0x00000000e7280000)
  to   space 3072K, 0% used [0x00000000e8700000,0x00000000e8700000,0x00000000e8a00000)
 ParOldGen       total 54784K, used 24458K [0x00000000b1000000, 0x00000000b4580000, 0x00000000e5b00000)
  object space 54784K, 44% used [0x00000000b1000000,0x00000000b27e28c8,0x00000000b4580000)
 Metaspace       used 13564K, capacity 13828K, committed 13952K, reserved 1060864K
  class space    used 1532K, capacity 1629K, committed 1664K, reserved 1048576K
Event: 3.050 GC heap after
Heap after GC invocations=2 (full 0):
 PSYoungGen      total 45056K, used 2752K [0x00000000e5b00000, 0x00000000e8a00000, 0x0000000100000000)
  eden space 41984K, 0% used [0x00000000e5b00000,0x00000000e5b00000,0x00000000e8400000)
  from space 3072K, 89% used [0x00000000e8700000,0x00000000e89b0000,0x00000000e8a00000)
  to   space 3072K, 0% used [0x00000000e8400000,0x00000000e8400000,0x00000000e8700000)
 ParOldGen       total 54784K, used 48766K [0x00000000b1000000, 0x00000000b4580000, 0x00000000e5b00000)
  object space 54784K, 89% used [0x00000000b1000000,0x00000000b3f9f8f8,0x00000000b4580000)
 Metaspace       used 13564K, capacity 13828K, committed 13952K, reserved 1060864K
  class space    used 1532K, capacity 1629K, committed 1664K, reserved 1048576K
}
Event: 3.050 GC heap before
{Heap before GC invocations=3 (full 1):
 PSYoungGen      total 45056K, used 2752K [0x00000000e5b00000, 0x00000000e8a00000, 0x0000000100000000)
  eden space 41984K, 0% used [0x00000000e5b00000,0x00000000e5b00000,0x00000000e8400000)
  from space 3072K, 89% used [0x00000000e8700000,0x00000000e89b0000,0x00000000e8a00000)
  to   space 3072K, 0% used [0x00000000e8400000,0x00000000e8400000,0x00000000e8700000)
 ParOldGen       total 54784K, used 48766K [0x00000000b1000000, 0x00000000b4580000, 0x00000000e5b00000)
  object space 54784K, 89% used [0x00000000b1000000,0x00000000b3f9f8f8,0x00000000b4580000)
 Metaspace       used 13564K, capacity 13828K, committed 13952K, reserved 1060864K
  class space    used 1532K, capacity 1629K, committed 1664K, reserved 1048576K
Event: 3.098 GC heap after
Heap after GC invocations=3 (full 1):
 PSYoungGen      total 45056K, used 0K [0x00000000e5b00000, 0x00000000e8a00000, 0x0000000100000000)
  eden space 41984K, 0% used [0x00000000e5b00000,0x00000000e5b00000,0x00000000e8400000)
  from space 3072K, 0% used [0x00000000e8700000,0x00000000e8700000,0x00000000e8a00000)
  to   space 3072K, 0% used [0x00000000e8400000,0x00000000e8400000,0x00000000e8700000)
 ParOldGen       total 71168K, used 18924K [0x00000000b1000000, 0x00000000b5580000, 0x00000000e5b00000)
  object space 71168K, 26% used [0x00000000b1000000,0x00000000b227b038,0x00000000b5580000)
 Metaspace       used 13564K, capacity 13828K, committed 13952K, reserved 1060864K
  class space    used 1532K, capacity 1629K, committed 1664K, reserved 1048576K
}
Event: 11.279 GC heap before
{Heap before GC invocations=4 (full 1):
 PSYoungGen      total 45056K, used 41786K [0x00000000e5b00000, 0x00000000e8a00000, 0x0000000100000000)
  eden space 41984K, 99% used [0x00000000e5b00000,0x00000000e83cea28,0x00000000e8400000)
  from space 3072K, 0% used [0x00000000e8700000,0x00000000e8700000,0x00000000e8a00000)
  to   space 3072K, 0% used [0x00000000e8400000,0x00000000e8400000,0x00000000e8700000)
 ParOldGen       total 71168K, used 18924K [0x00000000b1000000, 0x00000000b5580000, 0x00000000e5b00000)
  object space 71168K, 26% used [0x00000000b1000000,0x00000000b227b038,0x00000000b5580000)
 Metaspace       used 17055K, capacity 17322K, committed 17536K, reserved 1064960K
  class space    used 1994K, capacity 2084K, committed 2176K, reserved 1048576K
Event: 11.314 GC heap after
Heap after GC invocations=4 (full 1):
 PSYoungGen      total 45056K, used 3067K [0x00000000e5b00000, 0x00000000ea400000, 0x0000000100000000)
  eden space 41984K, 0% used [0x00000000e5b00000,0x00000000e5b00000,0x00000000e8400000)
  from space 3072K, 99% used [0x00000000e8400000,0x00000000e86fedc8,0x00000000e8700000)
  to   space 3072K, 0% used [0x00000000ea100000,0x00000000ea100000,0x00000000ea400000)
 ParOldGen       total 71168K, used 60674K [0x00000000b1000000, 0x00000000b5580000, 0x00000000e5b00000)
  object space 71168K, 85% used [0x00000000b1000000,0x00000000b4b40968,0x00000000b5580000)
 Metaspace       used 17055K, capacity 17322K, committed 17536K, reserved 1064960K
  class space    used 1994K, capacity 2084K, committed 2176K, reserved 1048576K
}
Event: 11.314 GC heap before
{Heap before GC invocations=5 (full 2):
 PSYoungGen      total 45056K, used 3067K [0x00000000e5b00000, 0x00000000ea400000, 0x0000000100000000)
  eden space 41984K, 0% used [0x00000000e5b00000,0x00000000e5b00000,0x00000000e8400000)
  from space 3072K, 99% used [0x00000000e8400000,0x00000000e86fedc8,0x00000000e8700000)
  to   space 3072K, 0% used [0x00000000ea100000,0x00000000ea100000,0x00000000ea400000)
 ParOldGen       total 71168K, used 60674K [0x00000000b1000000, 0x00000000b5580000, 0x00000000e5b00000)
  object space 71168K, 85% used [0x00000000b1000000,0x00000000b4b40968,0x00000000b5580000)
 Metaspace       used 17055K, capacity 17322K, committed 17536K, reserved 1064960K
  class space    used 1994K, capacity 2084K, committed 2176K, reserved 1048576K
Event: 11.364 GC heap after
Heap after GC invocations=5 (full 2):
 PSYoungGen      total 45056K, used 0K [0x00000000e5b00000, 0x00000000ea400000, 0x0000000100000000)
  eden space 41984K, 0% used [0x00000000e5b00000,0x00000000e5b00000,0x00000000e8400000)
  from space 3072K, 0% used [0x00000000e8400000,0x00000000e8400000,0x00000000e8700000)
  to   space 3072K, 0% used [0x00000000ea100000,0x00000000ea100000,0x00000000ea400000)
 ParOldGen       total 120832K, used 43124K [0x00000000b1000000, 0x00000000b8600000, 0x00000000e5b00000)
  object space 120832K, 35% used [0x00000000b1000000,0x00000000b3a1d308,0x00000000b8600000)
 Metaspace       used 17055K, capacity 17322K, committed 17536K, reserved 1064960K
  class space    used 1994K, capacity 2084K, committed 2176K, reserved 1048576K
}

