# JRE version: Java(TM) SE Runtime Environment (8.0_251-b08) (build 1.8.0_251-b08)
# Java VM: Java HotSpot(TM) 64-Bit Server VM (25.251-b08 mixed mode windows-amd64 compressed oops)
Heap:
 PSYoungGen      total 24064K, used 24044K [0x00000000e5b00000, 0x00000000e8600000, 0x0000000100000000)
  eden space 20992K, 100% used [0x00000000e5b00000,0x00000000e6f80000,0x00000000e6f80000)
  from space 3072K, 99% used [0x00000000e6f80000,0x00000000e727b010,0x00000000e7280000)
  to   space 3072K, 0% used [0x00000000e8300000,0x00000000e8300000,0x00000000e8600000)
 ParOldGen       total 85504K, used 46070K [0x00000000b1000000, 0x00000000b6380000, 0x00000000e5b00000)
  object space 85504K, 53% used [0x00000000b1000000,0x00000000b3cfd8b0,0x00000000b6380000)
 Metaspace       used 17651K, capacity 17872K, committed 18048K, reserved 1064960K
  class space    used 2039K, capacity 2117K, committed 2176K, reserved 1048576K
GC Heap History (8 events):
Event: 3.138 GC heap before
{Heap before GC invocations=1 (full 0):
 PSYoungGen      total 24064K, used 20992K [0x00000000e5b00000, 0x00000000e7580000, 0x0000000100000000)
  eden space 20992K, 100% used [0x00000000e5b00000,0x00000000e6f80000,0x00000000e6f80000)
  from space 3072K, 0% used [0x00000000e7280000,0x00000000e7280000,0x00000000e7580000)
  to   space 3072K, 0% used [0x00000000e6f80000,0x00000000e6f80000,0x00000000e7280000)
 ParOldGen       total 54784K, used 0K [0x00000000b1000000, 0x00000000b4580000, 0x00000000e5b00000)
  object space 54784K, 0% used [0x00000000b1000000,0x00000000b1000000,0x00000000b4580000)
 Metaspace       used 13518K, capacity 13756K, committed 13952K, reserved 1060864K
  class space    used 1530K, capacity 1629K, committed 1664K, reserved 1048576K
Event: 3.163 GC heap after
Heap after GC invocations=1 (full 0):
 PSYoungGen      total 24064K, used 3063K [0x00000000e5b00000, 0x00000000e7580000, 0x0000000100000000)
  eden space 20992K, 0% used [0x00000000e5b00000,0x00000000e5b00000,0x00000000e6f80000)
  from space 3072K, 99% used [0x00000000e6f80000,0x00000000e727dde0,0x00000000e7280000)
  to   space 3072K, 0% used [0x00000000e7280000,0x00000000e7280000,0x00000000e7580000)
 ParOldGen       total 54784K, used 16348K [0x00000000b1000000, 0x00000000b4580000, 0x00000000e5b00000)
  object space 54784K, 29% used [0x00000000b1000000,0x00000000b1ff70b0,0x00000000b4580000)
 Metaspace       used 13518K, capacity 13756K, committed 13952K, reserved 1060864K
  class space    used 1530K, capacity 1629K, committed 1664K, reserved 1048576K
}
Event: 3.925 GC heap before
{Heap before GC invocations=2 (full 0):
 PSYoungGen      total 24064K, used 24055K [0x00000000e5b00000, 0x00000000e7580000, 0x0000000100000000)
  eden space 20992K, 100% used [0x00000000e5b00000,0x00000000e6f80000,0x00000000e6f80000)
  from space 3072K, 99% used [0x00000000e6f80000,0x00000000e727dde0,0x00000000e7280000)
  to   space 3072K, 0% used [0x00000000e7280000,0x00000000e7280000,0x00000000e7580000)
 ParOldGen       total 54784K, used 16348K [0x00000000b1000000, 0x00000000b4580000, 0x00000000e5b00000)
  object space 54784K, 29% used [0x00000000b1000000,0x00000000b1ff70b0,0x00000000b4580000)
 Metaspace       used 13567K, capacity 13828K, committed 13952K, reserved 1060864K
  class space    used 1532K, capacity 1629K, committed 1664K, reserved 1048576K
Event: 3.981 GC heap after
Heap after GC invocations=2 (full 0):
 PSYoungGen      total 24064K, used 2784K [0x00000000e5b00000, 0x00000000e8a00000, 0x0000000100000000)
  eden space 20992K, 0% used [0x00000000e5b00000,0x00000000e5b00000,0x00000000e6f80000)
  from space 3072K, 90% used [0x00000000e7280000,0x00000000e7538000,0x00000000e7580000)
  to   space 3072K, 0% used [0x00000000e6f80000,0x00000000e6f80000,0x00000000e7280000)
 ParOldGen       total 54784K, used 24456K [0x00000000b1000000, 0x00000000b4580000, 0x00000000e5b00000)
  object space 54784K, 44% used [0x00000000b1000000,0x00000000b27e20c0,0x00000000b4580000)
 Metaspace       used 13567K, capacity 13828K, committed 13952K, reserved 1060864K
  class space    used 1532K, capacity 1629K, committed 1664K, reserved 1048576K
}
Event: 15.496 GC heap before
{Heap before GC invocations=3 (full 1):
 PSYoungGen      total 24064K, used 21366K [0x00000000e5b00000, 0x00000000e8a00000, 0x0000000100000000)
  eden space 20992K, 88% used [0x00000000e5b00000,0x00000000e6d25948,0x00000000e6f80000)
  from space 3072K, 90% used [0x00000000e7280000,0x00000000e7538000,0x00000000e7580000)
  to   space 3072K, 0% used [0x00000000e6f80000,0x00000000e6f80000,0x00000000e7280000)
 ParOldGen       total 54784K, used 44552K [0x00000000b1000000, 0x00000000b4580000, 0x00000000e5b00000)
  object space 54784K, 81% used [0x00000000b1000000,0x00000000b3b82120,0x00000000b4580000)
 Metaspace       used 16870K, capacity 17098K, committed 17536K, reserved 1064960K
  class space    used 1981K, capacity 2052K, committed 2176K, reserved 1048576K
Event: 15.594 GC heap after
Heap after GC invocations=3 (full 1):
 PSYoungGen      total 24064K, used 0K [0x00000000e5b00000, 0x00000000e8a00000, 0x0000000100000000)
  eden space 20992K, 0% used [0x00000000e5b00000,0x00000000e5b00000,0x00000000e6f80000)
  from space 3072K, 0% used [0x00000000e7280000,0x00000000e7280000,0x00000000e7580000)
  to   space 3072K, 0% used [0x00000000e6f80000,0x00000000e6f80000,0x00000000e7280000)
 ParOldGen       total 85504K, used 42852K [0x00000000b1000000, 0x00000000b6380000, 0x00000000e5b00000)
  object space 85504K, 50% used [0x00000000b1000000,0x00000000b39d9280,0x00000000b6380000)
 Metaspace       used 16870K, capacity 17098K, committed 17536K, reserved 1064960K
  class space    used 1981K, capacity 2052K, committed 2176K, reserved 1048576K
}
Event: 20.026 GC heap before
{Heap before GC invocations=4 (full 1):
 PSYoungGen      total 24064K, used 20992K [0x00000000e5b00000, 0x00000000e8a00000, 0x0000000100000000)
  eden space 20992K, 100% used [0x00000000e5b00000,0x00000000e6f80000,0x00000000e6f80000)
  from space 3072K, 0% used [0x00000000e7280000,0x00000000e7280000,0x00000000e7580000)
  to   space 3072K, 0% used [0x00000000e6f80000,0x00000000e6f80000,0x00000000e7280000)
 ParOldGen       total 85504K, used 42852K [0x00000000b1000000, 0x00000000b6380000, 0x00000000e5b00000)
  object space 85504K, 50% used [0x00000000b1000000,0x00000000b39d9280,0x00000000b6380000)
 Metaspace       used 17419K, capacity 17680K, committed 18048K, reserved 1064960K
  class space    used 2025K, capacity 2117K, committed 2176K, reserved 1048576K
Event: 20.033 GC heap after
Heap after GC invocations=4 (full 1):
 PSYoungGen      total 24064K, used 3052K [0x00000000e5b00000, 0x00000000e8600000, 0x0000000100000000)
  eden space 20992K, 0% used [0x00000000e5b00000,0x00000000e5b00000,0x00000000e6f80000)
  from space 3072K, 99% used [0x00000000e6f80000,0x00000000e727b010,0x00000000e7280000)
  to   space 3072K, 0% used [0x00000000e8300000,0x00000000e8300000,0x00000000e8600000)
 ParOldGen       total 85504K, used 46070K [0x00000000b1000000, 0x00000000b6380000, 0x00000000e5b00000)
  object space 85504K, 53% used [0x00000000b1000000,0x00000000b3cfd8b0,0x00000000b6380000)
 Metaspace       used 17419K, capacity 17680K, committed 18048K, reserved 1064960K
  class space    used 2025K, capacity 2117K, committed 2176K, reserved 1048576K
}

