# JRE version: Java(TM) SE Runtime Environment (8.0_251-b08) (build 1.8.0_251-b08)
# Java VM: Java HotSpot(TM) 64-Bit Server VM (25.251-b08 mixed mode windows-amd64 compressed oops)
Heap:
 PSYoungGen      total 45056K, used 41425K [0x00000000e5b00000, 0x00000000ea880000, 0x0000000100000000)
  eden space 41984K, 98% used [0x00000000e5b00000,0x00000000e8374780,0x00000000e8400000)
  from space 3072K, 0% used [0x00000000e8400000,0x00000000e8400000,0x00000000e8700000)
  to   space 3072K, 0% used [0x00000000ea580000,0x00000000ea580000,0x00000000ea880000)
 ParOldGen       total 116224K, used 43100K [0x00000000b1000000, 0x00000000b8180000, 0x00000000e5b00000)
  object space 116224K, 37% used [0x00000000b1000000,0x00000000b3a17310,0x00000000b8180000)
 Metaspace       used 17667K, capacity 17868K, committed 18048K, reserved 1064960K
  class space    used 2039K, capacity 2117K, committed 2176K, reserved 1048576K
GC Heap History (10 events):
Event: 3.711 GC heap before
{Heap before GC invocations=1 (full 0):
 PSYoungGen      total 24064K, used 20992K [0x00000000e5b00000, 0x00000000e7580000, 0x0000000100000000)
  eden space 20992K, 100% used [0x00000000e5b00000,0x00000000e6f80000,0x00000000e6f80000)
  from space 3072K, 0% used [0x00000000e7280000,0x00000000e7280000,0x00000000e7580000)
  to   space 3072K, 0% used [0x00000000e6f80000,0x00000000e6f80000,0x00000000e7280000)
 ParOldGen       total 54784K, used 0K [0x00000000b1000000, 0x00000000b4580000, 0x00000000e5b00000)
  object space 54784K, 0% used [0x00000000b1000000,0x00000000b1000000,0x00000000b4580000)
 Metaspace       used 13514K, capacity 13752K, committed 13952K, reserved 1060864K
  class space    used 1530K, capacity 1629K, committed 1664K, reserved 1048576K
Event: 3.769 GC heap after
Heap after GC invocations=1 (full 0):
 PSYoungGen      total 24064K, used 3047K [0x00000000e5b00000, 0x00000000e8a00000, 0x0000000100000000)
  eden space 20992K, 0% used [0x00000000e5b00000,0x00000000e5b00000,0x00000000e6f80000)
  from space 3072K, 99% used [0x00000000e6f80000,0x00000000e7279dd0,0x00000000e7280000)
  to   space 3072K, 0% used [0x00000000e8700000,0x00000000e8700000,0x00000000e8a00000)
 ParOldGen       total 54784K, used 24485K [0x00000000b1000000, 0x00000000b4580000, 0x00000000e5b00000)
  object space 54784K, 44% used [0x00000000b1000000,0x00000000b27e9640,0x00000000b4580000)
 Metaspace       used 13514K, capacity 13752K, committed 13952K, reserved 1060864K
  class space    used 1530K, capacity 1629K, committed 1664K, reserved 1048576K
}
Event: 4.266 GC heap before
{Heap before GC invocations=2 (full 0):
 PSYoungGen      total 24064K, used 24039K [0x00000000e5b00000, 0x00000000e8a00000, 0x0000000100000000)
  eden space 20992K, 100% used [0x00000000e5b00000,0x00000000e6f80000,0x00000000e6f80000)
  from space 3072K, 99% used [0x00000000e6f80000,0x00000000e7279dd0,0x00000000e7280000)
  to   space 3072K, 0% used [0x00000000e8700000,0x00000000e8700000,0x00000000e8a00000)
 ParOldGen       total 54784K, used 24485K [0x00000000b1000000, 0x00000000b4580000, 0x00000000e5b00000)
  object space 54784K, 44% used [0x00000000b1000000,0x00000000b27e9640,0x00000000b4580000)
 Metaspace       used 13563K, capacity 13824K, committed 13952K, reserved 1060864K
  class space    used 1532K, capacity 1629K, committed 1664K, reserved 1048576K
Event: 4.312 GC heap after
Heap after GC invocations=2 (full 0):
 PSYoungGen      total 45056K, used 2720K [0x00000000e5b00000, 0x00000000e8a00000, 0x0000000100000000)
  eden space 41984K, 0% used [0x00000000e5b00000,0x00000000e5b00000,0x00000000e8400000)
  from space 3072K, 88% used [0x00000000e8700000,0x00000000e89a8020,0x00000000e8a00000)
  to   space 3072K, 0% used [0x00000000e8400000,0x00000000e8400000,0x00000000e8700000)
 ParOldGen       total 54784K, used 48793K [0x00000000b1000000, 0x00000000b4580000, 0x00000000e5b00000)
  object space 54784K, 89% used [0x00000000b1000000,0x00000000b3fa6670,0x00000000b4580000)
 Metaspace       used 13563K, capacity 13824K, committed 13952K, reserved 1060864K
  class space    used 1532K, capacity 1629K, committed 1664K, reserved 1048576K
}
Event: 4.312 GC heap before
{Heap before GC invocations=3 (full 1):
 PSYoungGen      total 45056K, used 2720K [0x00000000e5b00000, 0x00000000e8a00000, 0x0000000100000000)
  eden space 41984K, 0% used [0x00000000e5b00000,0x00000000e5b00000,0x00000000e8400000)
  from space 3072K, 88% used [0x00000000e8700000,0x00000000e89a8020,0x00000000e8a00000)
  to   space 3072K, 0% used [0x00000000e8400000,0x00000000e8400000,0x00000000e8700000)
 ParOldGen       total 54784K, used 48793K [0x00000000b1000000, 0x00000000b4580000, 0x00000000e5b00000)
  object space 54784K, 89% used [0x00000000b1000000,0x00000000b3fa6670,0x00000000b4580000)
 Metaspace       used 13563K, capacity 13824K, committed 13952K, reserved 1060864K
  class space    used 1532K, capacity 1629K, committed 1664K, reserved 1048576K
Event: 4.367 GC heap after
Heap after GC invocations=3 (full 1):
 PSYoungGen      total 45056K, used 0K [0x00000000e5b00000, 0x00000000e8a00000, 0x0000000100000000)
  eden space 41984K, 0% used [0x00000000e5b00000,0x00000000e5b00000,0x00000000e8400000)
  from space 3072K, 0% used [0x00000000e8700000,0x00000000e8700000,0x00000000e8a00000)
  to   space 3072K, 0% used [0x00000000e8400000,0x00000000e8400000,0x00000000e8700000)
 ParOldGen       total 69120K, used 18923K [0x00000000b1000000, 0x00000000b5380000, 0x00000000e5b00000)
  object space 69120K, 27% used [0x00000000b1000000,0x00000000b227afa0,0x00000000b5380000)
 Metaspace       used 13563K, capacity 13824K, committed 13952K, reserved 1060864K
  class space    used 1532K, capacity 1629K, committed 1664K, reserved 1048576K
}
Event: 14.326 GC heap before
{Heap before GC invocations=4 (full 1):
 PSYoungGen      total 45056K, used 41604K [0x00000000e5b00000, 0x00000000e8a00000, 0x0000000100000000)
  eden space 41984K, 99% used [0x00000000e5b00000,0x00000000e83a1268,0x00000000e8400000)
  from space 3072K, 0% used [0x00000000e8700000,0x00000000e8700000,0x00000000e8a00000)
  to   space 3072K, 0% used [0x00000000e8400000,0x00000000e8400000,0x00000000e8700000)
 ParOldGen       total 69120K, used 18923K [0x00000000b1000000, 0x00000000b5380000, 0x00000000e5b00000)
  object space 69120K, 27% used [0x00000000b1000000,0x00000000b227afa0,0x00000000b5380000)
 Metaspace       used 17039K, capacity 17286K, committed 17536K, reserved 1064960K
  class space    used 1988K, capacity 2052K, committed 2176K, reserved 1048576K
Event: 14.362 GC heap after
Heap after GC invocations=4 (full 1):
 PSYoungGen      total 45056K, used 3048K [0x00000000e5b00000, 0x00000000ea880000, 0x0000000100000000)
  eden space 41984K, 0% used [0x00000000e5b00000,0x00000000e5b00000,0x00000000e8400000)
  from space 3072K, 99% used [0x00000000e8400000,0x00000000e86fa200,0x00000000e8700000)
  to   space 3072K, 0% used [0x00000000ea580000,0x00000000ea580000,0x00000000ea880000)
 ParOldGen       total 69120K, used 60212K [0x00000000b1000000, 0x00000000b5380000, 0x00000000e5b00000)
  object space 69120K, 87% used [0x00000000b1000000,0x00000000b4acd3a0,0x00000000b5380000)
 Metaspace       used 17039K, capacity 17286K, committed 17536K, reserved 1064960K
  class space    used 1988K, capacity 2052K, committed 2176K, reserved 1048576K
}
Event: 14.362 GC heap before
{Heap before GC invocations=5 (full 2):
 PSYoungGen      total 45056K, used 3048K [0x00000000e5b00000, 0x00000000ea880000, 0x0000000100000000)
  eden space 41984K, 0% used [0x00000000e5b00000,0x00000000e5b00000,0x00000000e8400000)
  from space 3072K, 99% used [0x00000000e8400000,0x00000000e86fa200,0x00000000e8700000)
  to   space 3072K, 0% used [0x00000000ea580000,0x00000000ea580000,0x00000000ea880000)
 ParOldGen       total 69120K, used 60212K [0x00000000b1000000, 0x00000000b5380000, 0x00000000e5b00000)
  object space 69120K, 87% used [0x00000000b1000000,0x00000000b4acd3a0,0x00000000b5380000)
 Metaspace       used 17039K, capacity 17286K, committed 17536K, reserved 1064960K
  class space    used 1988K, capacity 2052K, committed 2176K, reserved 1048576K
Event: 14.439 GC heap after
Heap after GC invocations=5 (full 2):
 PSYoungGen      total 45056K, used 0K [0x00000000e5b00000, 0x00000000ea880000, 0x0000000100000000)
  eden space 41984K, 0% used [0x00000000e5b00000,0x00000000e5b00000,0x00000000e8400000)
  from space 3072K, 0% used [0x00000000e8400000,0x00000000e8400000,0x00000000e8700000)
  to   space 3072K, 0% used [0x00000000ea580000,0x00000000ea580000,0x00000000ea880000)
 ParOldGen       total 116224K, used 43100K [0x00000000b1000000, 0x00000000b8180000, 0x00000000e5b00000)
  object space 116224K, 37% used [0x00000000b1000000,0x00000000b3a17310,0x00000000b8180000)
 Metaspace       used 17039K, capacity 17286K, committed 17536K, reserved 1064960K
  class space    used 1988K, capacity 2052K, committed 2176K, reserved 1048576K
}

