# JRE version: Java(TM) SE Runtime Environment (8.0_251-b08) (build 1.8.0_251-b08)
# Java VM: Java HotSpot(TM) 64-Bit Server VM (25.251-b08 mixed mode windows-amd64 compressed oops)
Heap:
 PSYoungGen      total 69632K, used 4844K [0x00000000e5b00000, 0x00000000ea500000, 0x0000000100000000)
  eden space 66560K, 4% used [0x00000000e5b00000,0x00000000e5e28c28,0x00000000e9c00000)
  from space 3072K, 52% used [0x00000000e9f00000,0x00000000ea092718,0x00000000ea200000)
  to   space 3072K, 0% used [0x00000000e9c00000,0x00000000e9c00000,0x00000000e9f00000)
 ParOldGen       total 121344K, used 45822K [0x00000000b1000000, 0x00000000b8680000, 0x00000000e5b00000)
  object space 121344K, 37% used [0x00000000b1000000,0x00000000b3cbfba8,0x00000000b8680000)
 Metaspace       used 17804K, capacity 18032K, committed 18304K, reserved 1064960K
  class space    used 2056K, capacity 2149K, committed 2176K, reserved 1048576K
GC Heap History (10 events):
Event: 3.018 GC heap before
{Heap before GC invocations=2 (full 0):
 PSYoungGen      total 24064K, used 24039K [0x00000000e5b00000, 0x00000000e8a00000, 0x0000000100000000)
  eden space 20992K, 100% used [0x00000000e5b00000,0x00000000e6f80000,0x00000000e6f80000)
  from space 3072K, 99% used [0x00000000e6f80000,0x00000000e7279dd0,0x00000000e7280000)
  to   space 3072K, 0% used [0x00000000e8700000,0x00000000e8700000,0x00000000e8a00000)
 ParOldGen       total 54784K, used 24466K [0x00000000b1000000, 0x00000000b4580000, 0x00000000e5b00000)
  object space 54784K, 44% used [0x00000000b1000000,0x00000000b27e48c8,0x00000000b4580000)
 Metaspace       used 13566K, capacity 13828K, committed 13952K, reserved 1060864K
  class space    used 1532K, capacity 1629K, committed 1664K, reserved 1048576K
Event: 3.043 GC heap after
Heap after GC invocations=2 (full 0):
 PSYoungGen      total 45056K, used 2736K [0x00000000e5b00000, 0x00000000e8a00000, 0x0000000100000000)
  eden space 41984K, 0% used [0x00000000e5b00000,0x00000000e5b00000,0x00000000e8400000)
  from space 3072K, 89% used [0x00000000e8700000,0x00000000e89ac010,0x00000000e8a00000)
  to   space 3072K, 0% used [0x00000000e8400000,0x00000000e8400000,0x00000000e8700000)
 ParOldGen       total 54784K, used 48774K [0x00000000b1000000, 0x00000000b4580000, 0x00000000e5b00000)
  object space 54784K, 89% used [0x00000000b1000000,0x00000000b3fa18f8,0x00000000b4580000)
 Metaspace       used 13566K, capacity 13828K, committed 13952K, reserved 1060864K
  class space    used 1532K, capacity 1629K, committed 1664K, reserved 1048576K
}
Event: 3.043 GC heap before
{Heap before GC invocations=3 (full 1):
 PSYoungGen      total 45056K, used 2736K [0x00000000e5b00000, 0x00000000e8a00000, 0x0000000100000000)
  eden space 41984K, 0% used [0x00000000e5b00000,0x00000000e5b00000,0x00000000e8400000)
  from space 3072K, 89% used [0x00000000e8700000,0x00000000e89ac010,0x00000000e8a00000)
  to   space 3072K, 0% used [0x00000000e8400000,0x00000000e8400000,0x00000000e8700000)
 ParOldGen       total 54784K, used 48774K [0x00000000b1000000, 0x00000000b4580000, 0x00000000e5b00000)
  object space 54784K, 89% used [0x00000000b1000000,0x00000000b3fa18f8,0x00000000b4580000)
 Metaspace       used 13566K, capacity 13828K, committed 13952K, reserved 1060864K
  class space    used 1532K, capacity 1629K, committed 1664K, reserved 1048576K
Event: 3.100 GC heap after
Heap after GC invocations=3 (full 1):
 PSYoungGen      total 45056K, used 0K [0x00000000e5b00000, 0x00000000e8a00000, 0x0000000100000000)
  eden space 41984K, 0% used [0x00000000e5b00000,0x00000000e5b00000,0x00000000e8400000)
  from space 3072K, 0% used [0x00000000e8700000,0x00000000e8700000,0x00000000e8a00000)
  to   space 3072K, 0% used [0x00000000e8400000,0x00000000e8400000,0x00000000e8700000)
 ParOldGen       total 71680K, used 18921K [0x00000000b1000000, 0x00000000b5600000, 0x00000000e5b00000)
  object space 71680K, 26% used [0x00000000b1000000,0x00000000b227a650,0x00000000b5600000)
 Metaspace       used 13566K, capacity 13828K, committed 13952K, reserved 1060864K
  class space    used 1532K, capacity 1629K, committed 1664K, reserved 1048576K
}
Event: 43.263 GC heap before
{Heap before GC invocations=4 (full 1):
 PSYoungGen      total 45056K, used 40183K [0x00000000e5b00000, 0x00000000e8a00000, 0x0000000100000000)
  eden space 41984K, 95% used [0x00000000e5b00000,0x00000000e823dd18,0x00000000e8400000)
  from space 3072K, 0% used [0x00000000e8700000,0x00000000e8700000,0x00000000e8a00000)
  to   space 3072K, 0% used [0x00000000e8400000,0x00000000e8400000,0x00000000e8700000)
 ParOldGen       total 71680K, used 18921K [0x00000000b1000000, 0x00000000b5600000, 0x00000000e5b00000)
  object space 71680K, 26% used [0x00000000b1000000,0x00000000b227a650,0x00000000b5600000)
 Metaspace       used 16843K, capacity 17098K, committed 17536K, reserved 1064960K
  class space    used 1976K, capacity 2052K, committed 2176K, reserved 1048576K
Event: 43.304 GC heap after
Heap after GC invocations=4 (full 1):
 PSYoungGen      total 45056K, used 3057K [0x00000000e5b00000, 0x00000000ea200000, 0x0000000100000000)
  eden space 41984K, 0% used [0x00000000e5b00000,0x00000000e5b00000,0x00000000e8400000)
  from space 3072K, 99% used [0x00000000e8400000,0x00000000e86fc660,0x00000000e8700000)
  to   space 3072K, 0% used [0x00000000e9f00000,0x00000000e9f00000,0x00000000ea200000)
 ParOldGen       total 71680K, used 60466K [0x00000000b1000000, 0x00000000b5600000, 0x00000000e5b00000)
  object space 71680K, 84% used [0x00000000b1000000,0x00000000b4b0ca80,0x00000000b5600000)
 Metaspace       used 16843K, capacity 17098K, committed 17536K, reserved 1064960K
  class space    used 1976K, capacity 2052K, committed 2176K, reserved 1048576K
}
Event: 43.304 GC heap before
{Heap before GC invocations=5 (full 2):
 PSYoungGen      total 45056K, used 3057K [0x00000000e5b00000, 0x00000000ea200000, 0x0000000100000000)
  eden space 41984K, 0% used [0x00000000e5b00000,0x00000000e5b00000,0x00000000e8400000)
  from space 3072K, 99% used [0x00000000e8400000,0x00000000e86fc660,0x00000000e8700000)
  to   space 3072K, 0% used [0x00000000e9f00000,0x00000000e9f00000,0x00000000ea200000)
 ParOldGen       total 71680K, used 60466K [0x00000000b1000000, 0x00000000b5600000, 0x00000000e5b00000)
  object space 71680K, 84% used [0x00000000b1000000,0x00000000b4b0ca80,0x00000000b5600000)
 Metaspace       used 16843K, capacity 17098K, committed 17536K, reserved 1064960K
  class space    used 1976K, capacity 2052K, committed 2176K, reserved 1048576K
Event: 43.350 GC heap after
Heap after GC invocations=5 (full 2):
 PSYoungGen      total 45056K, used 0K [0x00000000e5b00000, 0x00000000ea200000, 0x0000000100000000)
  eden space 41984K, 0% used [0x00000000e5b00000,0x00000000e5b00000,0x00000000e8400000)
  from space 3072K, 0% used [0x00000000e8400000,0x00000000e8400000,0x00000000e8700000)
  to   space 3072K, 0% used [0x00000000e9f00000,0x00000000e9f00000,0x00000000ea200000)
 ParOldGen       total 121344K, used 43114K [0x00000000b1000000, 0x00000000b8680000, 0x00000000e5b00000)
  object space 121344K, 35% used [0x00000000b1000000,0x00000000b3a1ab98,0x00000000b8680000)
 Metaspace       used 16843K, capacity 17098K, committed 17536K, reserved 1064960K
  class space    used 1976K, capacity 2052K, committed 2176K, reserved 1048576K
}
Event: 68.549 GC heap before
{Heap before GC invocations=6 (full 2):
 PSYoungGen      total 45056K, used 41984K [0x00000000e5b00000, 0x00000000ea200000, 0x0000000100000000)
  eden space 41984K, 100% used [0x00000000e5b00000,0x00000000e8400000,0x00000000e8400000)
  from space 3072K, 0% used [0x00000000e8400000,0x00000000e8400000,0x00000000e8700000)
  to   space 3072K, 0% used [0x00000000e9f00000,0x00000000e9f00000,0x00000000ea200000)
 ParOldGen       total 121344K, used 43114K [0x00000000b1000000, 0x00000000b8680000, 0x00000000e5b00000)
  object space 121344K, 35% used [0x00000000b1000000,0x00000000b3a1ab98,0x00000000b8680000)
 Metaspace       used 17790K, capacity 18032K, committed 18304K, reserved 1064960K
  class space    used 2056K, capacity 2149K, committed 2176K, reserved 1048576K
Event: 68.554 GC heap after
Heap after GC invocations=6 (full 2):
 PSYoungGen      total 69632K, used 1609K [0x00000000e5b00000, 0x00000000ea500000, 0x0000000100000000)
  eden space 66560K, 0% used [0x00000000e5b00000,0x00000000e5b00000,0x00000000e9c00000)
  from space 3072K, 52% used [0x00000000e9f00000,0x00000000ea092718,0x00000000ea200000)
  to   space 3072K, 0% used [0x00000000e9c00000,0x00000000e9c00000,0x00000000e9f00000)
 ParOldGen       total 121344K, used 45822K [0x00000000b1000000, 0x00000000b8680000, 0x00000000e5b00000)
  object space 121344K, 37% used [0x00000000b1000000,0x00000000b3cbfba8,0x00000000b8680000)
 Metaspace       used 17790K, capacity 18032K, committed 18304K, reserved 1064960K
  class space    used 2056K, capacity 2149K, committed 2176K, reserved 1048576K
}

