# JRE version: Java(TM) SE Runtime Environment (8.0_251-b08) (build 1.8.0_251-b08)
# Java VM: Java HotSpot(TM) 64-Bit Server VM (25.251-b08 mixed mode windows-amd64 compressed oops)
Heap:
 PSYoungGen      total 72704K, used 42942K [0x00000000e5b00000, 0x00000000ea600000, 0x0000000100000000)
  eden space 70656K, 59% used [0x00000000e5b00000,0x00000000e840b220,0x00000000ea000000)
  from space 2048K, 44% used [0x00000000ea400000,0x00000000ea4e46a0,0x00000000ea600000)
  to   space 3072K, 0% used [0x00000000ea000000,0x00000000ea000000,0x00000000ea300000)
 ParOldGen       total 117760K, used 45721K [0x00000000b1000000, 0x00000000b8300000, 0x00000000e5b00000)
  object space 117760K, 38% used [0x00000000b1000000,0x00000000b3ca6690,0x00000000b8300000)
 Metaspace       used 18012K, capacity 18298K, committed 18560K, reserved 1064960K
  class space    used 2044K, capacity 2124K, committed 2176K, reserved 1048576K
GC Heap History (10 events):
Event: 3.689 GC heap before
{Heap before GC invocations=2 (full 0):
 PSYoungGen      total 24064K, used 24055K [0x00000000e5b00000, 0x00000000e8a00000, 0x0000000100000000)
  eden space 20992K, 100% used [0x00000000e5b00000,0x00000000e6f80000,0x00000000e6f80000)
  from space 3072K, 99% used [0x00000000e6f80000,0x00000000e727dde0,0x00000000e7280000)
  to   space 3072K, 0% used [0x00000000e8700000,0x00000000e8700000,0x00000000e8a00000)
 ParOldGen       total 54784K, used 24439K [0x00000000b1000000, 0x00000000b4580000, 0x00000000e5b00000)
  object space 54784K, 44% used [0x00000000b1000000,0x00000000b27ddf50,0x00000000b4580000)
 Metaspace       used 13563K, capacity 13828K, committed 13952K, reserved 1060864K
  class space    used 1532K, capacity 1629K, committed 1664K, reserved 1048576K
Event: 3.715 GC heap after
Heap after GC invocations=2 (full 0):
 PSYoungGen      total 45056K, used 2736K [0x00000000e5b00000, 0x00000000e8a00000, 0x0000000100000000)
  eden space 41984K, 0% used [0x00000000e5b00000,0x00000000e5b00000,0x00000000e8400000)
  from space 3072K, 89% used [0x00000000e8700000,0x00000000e89ac010,0x00000000e8a00000)
  to   space 3072K, 0% used [0x00000000e8400000,0x00000000e8400000,0x00000000e8700000)
 ParOldGen       total 54784K, used 48747K [0x00000000b1000000, 0x00000000b4580000, 0x00000000e5b00000)
  object space 54784K, 88% used [0x00000000b1000000,0x00000000b3f9af80,0x00000000b4580000)
 Metaspace       used 13563K, capacity 13828K, committed 13952K, reserved 1060864K
  class space    used 1532K, capacity 1629K, committed 1664K, reserved 1048576K
}
Event: 3.715 GC heap before
{Heap before GC invocations=3 (full 1):
 PSYoungGen      total 45056K, used 2736K [0x00000000e5b00000, 0x00000000e8a00000, 0x0000000100000000)
  eden space 41984K, 0% used [0x00000000e5b00000,0x00000000e5b00000,0x00000000e8400000)
  from space 3072K, 89% used [0x00000000e8700000,0x00000000e89ac010,0x00000000e8a00000)
  to   space 3072K, 0% used [0x00000000e8400000,0x00000000e8400000,0x00000000e8700000)
 ParOldGen       total 54784K, used 48747K [0x00000000b1000000, 0x00000000b4580000, 0x00000000e5b00000)
  object space 54784K, 88% used [0x00000000b1000000,0x00000000b3f9af80,0x00000000b4580000)
 Metaspace       used 13563K, capacity 13828K, committed 13952K, reserved 1060864K
  class space    used 1532K, capacity 1629K, committed 1664K, reserved 1048576K
Event: 3.760 GC heap after
Heap after GC invocations=3 (full 1):
 PSYoungGen      total 45056K, used 0K [0x00000000e5b00000, 0x00000000e8a00000, 0x0000000100000000)
  eden space 41984K, 0% used [0x00000000e5b00000,0x00000000e5b00000,0x00000000e8400000)
  from space 3072K, 0% used [0x00000000e8700000,0x00000000e8700000,0x00000000e8a00000)
  to   space 3072K, 0% used [0x00000000e8400000,0x00000000e8400000,0x00000000e8700000)
 ParOldGen       total 69632K, used 18832K [0x00000000b1000000, 0x00000000b5400000, 0x00000000e5b00000)
  object space 69632K, 27% used [0x00000000b1000000,0x00000000b2264238,0x00000000b5400000)
 Metaspace       used 13563K, capacity 13828K, committed 13952K, reserved 1060864K
  class space    used 1532K, capacity 1629K, committed 1664K, reserved 1048576K
}
Event: 11.694 GC heap before
{Heap before GC invocations=4 (full 1):
 PSYoungGen      total 45056K, used 41348K [0x00000000e5b00000, 0x00000000e8a00000, 0x0000000100000000)
  eden space 41984K, 98% used [0x00000000e5b00000,0x00000000e8361040,0x00000000e8400000)
  from space 3072K, 0% used [0x00000000e8700000,0x00000000e8700000,0x00000000e8a00000)
  to   space 3072K, 0% used [0x00000000e8400000,0x00000000e8400000,0x00000000e8700000)
 ParOldGen       total 69632K, used 18832K [0x00000000b1000000, 0x00000000b5400000, 0x00000000e5b00000)
  object space 69632K, 27% used [0x00000000b1000000,0x00000000b2264238,0x00000000b5400000)
 Metaspace       used 17022K, capacity 17226K, committed 17536K, reserved 1064960K
  class space    used 1988K, capacity 2052K, committed 2176K, reserved 1048576K
Event: 11.726 GC heap after
Heap after GC invocations=4 (full 1):
 PSYoungGen      total 45056K, used 3041K [0x00000000e5b00000, 0x00000000ea700000, 0x0000000100000000)
  eden space 41984K, 0% used [0x00000000e5b00000,0x00000000e5b00000,0x00000000e8400000)
  from space 3072K, 99% used [0x00000000e8400000,0x00000000e86f85c8,0x00000000e8700000)
  to   space 3072K, 0% used [0x00000000ea400000,0x00000000ea400000,0x00000000ea700000)
 ParOldGen       total 69632K, used 60110K [0x00000000b1000000, 0x00000000b5400000, 0x00000000e5b00000)
  object space 69632K, 86% used [0x00000000b1000000,0x00000000b4ab3860,0x00000000b5400000)
 Metaspace       used 17022K, capacity 17226K, committed 17536K, reserved 1064960K
  class space    used 1988K, capacity 2052K, committed 2176K, reserved 1048576K
}
Event: 11.726 GC heap before
{Heap before GC invocations=5 (full 2):
 PSYoungGen      total 45056K, used 3041K [0x00000000e5b00000, 0x00000000ea700000, 0x0000000100000000)
  eden space 41984K, 0% used [0x00000000e5b00000,0x00000000e5b00000,0x00000000e8400000)
  from space 3072K, 99% used [0x00000000e8400000,0x00000000e86f85c8,0x00000000e8700000)
  to   space 3072K, 0% used [0x00000000ea400000,0x00000000ea400000,0x00000000ea700000)
 ParOldGen       total 69632K, used 60110K [0x00000000b1000000, 0x00000000b5400000, 0x00000000e5b00000)
  object space 69632K, 86% used [0x00000000b1000000,0x00000000b4ab3860,0x00000000b5400000)
 Metaspace       used 17022K, capacity 17226K, committed 17536K, reserved 1064960K
  class space    used 1988K, capacity 2052K, committed 2176K, reserved 1048576K
Event: 11.795 GC heap after
Heap after GC invocations=5 (full 2):
 PSYoungGen      total 45056K, used 0K [0x00000000e5b00000, 0x00000000ea700000, 0x0000000100000000)
  eden space 41984K, 0% used [0x00000000e5b00000,0x00000000e5b00000,0x00000000e8400000)
  from space 3072K, 0% used [0x00000000e8400000,0x00000000e8400000,0x00000000e8700000)
  to   space 3072K, 0% used [0x00000000ea400000,0x00000000ea400000,0x00000000ea700000)
 ParOldGen       total 117760K, used 43013K [0x00000000b1000000, 0x00000000b8300000, 0x00000000e5b00000)
  object space 117760K, 36% used [0x00000000b1000000,0x00000000b3a01680,0x00000000b8300000)
 Metaspace       used 17022K, capacity 17226K, committed 17536K, reserved 1064960K
  class space    used 1988K, capacity 2052K, committed 2176K, reserved 1048576K
}
Event: 47.657 GC heap before
{Heap before GC invocations=6 (full 2):
 PSYoungGen      total 45056K, used 41984K [0x00000000e5b00000, 0x00000000ea700000, 0x0000000100000000)
  eden space 41984K, 100% used [0x00000000e5b00000,0x00000000e8400000,0x00000000e8400000)
  from space 3072K, 0% used [0x00000000e8400000,0x00000000e8400000,0x00000000e8700000)
  to   space 3072K, 0% used [0x00000000ea400000,0x00000000ea400000,0x00000000ea700000)
 ParOldGen       total 117760K, used 43013K [0x00000000b1000000, 0x00000000b8300000, 0x00000000e5b00000)
  object space 117760K, 36% used [0x00000000b1000000,0x00000000b3a01680,0x00000000b8300000)
 Metaspace       used 17615K, capacity 17872K, committed 18048K, reserved 1064960K
  class space    used 2039K, capacity 2117K, committed 2176K, reserved 1048576K
Event: 47.662 GC heap after
Heap after GC invocations=6 (full 2):
 PSYoungGen      total 72704K, used 913K [0x00000000e5b00000, 0x00000000ea600000, 0x0000000100000000)
  eden space 70656K, 0% used [0x00000000e5b00000,0x00000000e5b00000,0x00000000ea000000)
  from space 2048K, 44% used [0x00000000ea400000,0x00000000ea4e46a0,0x00000000ea600000)
  to   space 3072K, 0% used [0x00000000ea000000,0x00000000ea000000,0x00000000ea300000)
 ParOldGen       total 117760K, used 45721K [0x00000000b1000000, 0x00000000b8300000, 0x00000000e5b00000)
  object space 117760K, 38% used [0x00000000b1000000,0x00000000b3ca6690,0x00000000b8300000)
 Metaspace       used 17615K, capacity 17872K, committed 18048K, reserved 1064960K
  class space    used 2039K, capacity 2117K, committed 2176K, reserved 1048576K
}

