# JRE version: Java(TM) SE Runtime Environment (8.0_251-b08) (build 1.8.0_251-b08)
# Java VM: Java HotSpot(TM) 64-Bit Server VM (25.251-b08 mixed mode windows-amd64 compressed oops)
Heap:
 PSYoungGen      total 45056K, used 40881K [0x00000000e5b00000, 0x00000000ea200000, 0x0000000100000000)
  eden space 41984K, 97% used [0x00000000e5b00000,0x00000000e82ec510,0x00000000e8400000)
  from space 3072K, 0% used [0x00000000e8400000,0x00000000e8400000,0x00000000e8700000)
  to   space 3072K, 0% used [0x00000000e9f00000,0x00000000e9f00000,0x00000000ea200000)
 ParOldGen       total 125952K, used 43097K [0x00000000b1000000, 0x00000000b8b00000, 0x00000000e5b00000)
  object space 125952K, 34% used [0x00000000b1000000,0x00000000b3a167e0,0x00000000b8b00000)
 Metaspace       used 17623K, capacity 17868K, committed 18048K, reserved 1064960K
  class space    used 2040K, capacity 2117K, committed 2176K, reserved 1048576K
GC Heap History (10 events):
Event: 2.610 GC heap before
{Heap before GC invocations=1 (full 0):
 PSYoungGen      total 24064K, used 20992K [0x00000000e5b00000, 0x00000000e7580000, 0x0000000100000000)
  eden space 20992K, 100% used [0x00000000e5b00000,0x00000000e6f80000,0x00000000e6f80000)
  from space 3072K, 0% used [0x00000000e7280000,0x00000000e7280000,0x00000000e7580000)
  to   space 3072K, 0% used [0x00000000e6f80000,0x00000000e6f80000,0x00000000e7280000)
 ParOldGen       total 54784K, used 0K [0x00000000b1000000, 0x00000000b4580000, 0x00000000e5b00000)
  object space 54784K, 0% used [0x00000000b1000000,0x00000000b1000000,0x00000000b4580000)
 Metaspace       used 13510K, capacity 13752K, committed 13952K, reserved 1060864K
  class space    used 1530K, capacity 1629K, committed 1664K, reserved 1048576K
Event: 2.664 GC heap after
Heap after GC invocations=1 (full 0):
 PSYoungGen      total 24064K, used 3047K [0x00000000e5b00000, 0x00000000e8a00000, 0x0000000100000000)
  eden space 20992K, 0% used [0x00000000e5b00000,0x00000000e5b00000,0x00000000e6f80000)
  from space 3072K, 99% used [0x00000000e6f80000,0x00000000e7279dd0,0x00000000e7280000)
  to   space 3072K, 0% used [0x00000000e8700000,0x00000000e8700000,0x00000000e8a00000)
 ParOldGen       total 54784K, used 24431K [0x00000000b1000000, 0x00000000b4580000, 0x00000000e5b00000)
  object space 54784K, 44% used [0x00000000b1000000,0x00000000b27dbf50,0x00000000b4580000)
 Metaspace       used 13510K, capacity 13752K, committed 13952K, reserved 1060864K
  class space    used 1530K, capacity 1629K, committed 1664K, reserved 1048576K
}
Event: 3.365 GC heap before
{Heap before GC invocations=2 (full 0):
 PSYoungGen      total 24064K, used 24039K [0x00000000e5b00000, 0x00000000e8a00000, 0x0000000100000000)
  eden space 20992K, 100% used [0x00000000e5b00000,0x00000000e6f80000,0x00000000e6f80000)
  from space 3072K, 99% used [0x00000000e6f80000,0x00000000e7279dd0,0x00000000e7280000)
  to   space 3072K, 0% used [0x00000000e8700000,0x00000000e8700000,0x00000000e8a00000)
 ParOldGen       total 54784K, used 24431K [0x00000000b1000000, 0x00000000b4580000, 0x00000000e5b00000)
  object space 54784K, 44% used [0x00000000b1000000,0x00000000b27dbf50,0x00000000b4580000)
 Metaspace       used 13556K, capacity 13824K, committed 13952K, reserved 1060864K
  class space    used 1532K, capacity 1629K, committed 1664K, reserved 1048576K
Event: 3.413 GC heap after
Heap after GC invocations=2 (full 0):
 PSYoungGen      total 45056K, used 2736K [0x00000000e5b00000, 0x00000000e8a00000, 0x0000000100000000)
  eden space 41984K, 0% used [0x00000000e5b00000,0x00000000e5b00000,0x00000000e8400000)
  from space 3072K, 89% used [0x00000000e8700000,0x00000000e89ac010,0x00000000e8a00000)
  to   space 3072K, 0% used [0x00000000e8400000,0x00000000e8400000,0x00000000e8700000)
 ParOldGen       total 54784K, used 40639K [0x00000000b1000000, 0x00000000b4580000, 0x00000000e5b00000)
  object space 54784K, 74% used [0x00000000b1000000,0x00000000b37aff70,0x00000000b4580000)
 Metaspace       used 13556K, capacity 13824K, committed 13952K, reserved 1060864K
  class space    used 1532K, capacity 1629K, committed 1664K, reserved 1048576K
}
Event: 3.413 GC heap before
{Heap before GC invocations=3 (full 1):
 PSYoungGen      total 45056K, used 2736K [0x00000000e5b00000, 0x00000000e8a00000, 0x0000000100000000)
  eden space 41984K, 0% used [0x00000000e5b00000,0x00000000e5b00000,0x00000000e8400000)
  from space 3072K, 89% used [0x00000000e8700000,0x00000000e89ac010,0x00000000e8a00000)
  to   space 3072K, 0% used [0x00000000e8400000,0x00000000e8400000,0x00000000e8700000)
 ParOldGen       total 54784K, used 40639K [0x00000000b1000000, 0x00000000b4580000, 0x00000000e5b00000)
  object space 54784K, 74% used [0x00000000b1000000,0x00000000b37aff70,0x00000000b4580000)
 Metaspace       used 13556K, capacity 13824K, committed 13952K, reserved 1060864K
  class space    used 1532K, capacity 1629K, committed 1664K, reserved 1048576K
Event: 3.485 GC heap after
Heap after GC invocations=3 (full 1):
 PSYoungGen      total 45056K, used 0K [0x00000000e5b00000, 0x00000000e8a00000, 0x0000000100000000)
  eden space 41984K, 0% used [0x00000000e5b00000,0x00000000e5b00000,0x00000000e8400000)
  from space 3072K, 0% used [0x00000000e8700000,0x00000000e8700000,0x00000000e8a00000)
  to   space 3072K, 0% used [0x00000000e8400000,0x00000000e8400000,0x00000000e8700000)
 ParOldGen       total 73728K, used 18923K [0x00000000b1000000, 0x00000000b5800000, 0x00000000e5b00000)
  object space 73728K, 25% used [0x00000000b1000000,0x00000000b227acd0,0x00000000b5800000)
 Metaspace       used 13556K, capacity 13824K, committed 13952K, reserved 1060864K
  class space    used 1532K, capacity 1629K, committed 1664K, reserved 1048576K
}
Event: 15.098 GC heap before
{Heap before GC invocations=4 (full 1):
 PSYoungGen      total 45056K, used 41898K [0x00000000e5b00000, 0x00000000e8a00000, 0x0000000100000000)
  eden space 41984K, 99% used [0x00000000e5b00000,0x00000000e83ea868,0x00000000e8400000)
  from space 3072K, 0% used [0x00000000e8700000,0x00000000e8700000,0x00000000e8a00000)
  to   space 3072K, 0% used [0x00000000e8400000,0x00000000e8400000,0x00000000e8700000)
 ParOldGen       total 73728K, used 18923K [0x00000000b1000000, 0x00000000b5800000, 0x00000000e5b00000)
  object space 73728K, 25% used [0x00000000b1000000,0x00000000b227acd0,0x00000000b5800000)
 Metaspace       used 17022K, capacity 17286K, committed 17536K, reserved 1064960K
  class space    used 1990K, capacity 2052K, committed 2176K, reserved 1048576K
Event: 15.136 GC heap after
Heap after GC invocations=4 (full 1):
 PSYoungGen      total 45056K, used 3055K [0x00000000e5b00000, 0x00000000ea200000, 0x0000000100000000)
  eden space 41984K, 0% used [0x00000000e5b00000,0x00000000e5b00000,0x00000000e8400000)
  from space 3072K, 99% used [0x00000000e8400000,0x00000000e86fbca0,0x00000000e8700000)
  to   space 3072K, 0% used [0x00000000e9f00000,0x00000000e9f00000,0x00000000ea200000)
 ParOldGen       total 73728K, used 60636K [0x00000000b1000000, 0x00000000b5800000, 0x00000000e5b00000)
  object space 73728K, 82% used [0x00000000b1000000,0x00000000b4b37258,0x00000000b5800000)
 Metaspace       used 17022K, capacity 17286K, committed 17536K, reserved 1064960K
  class space    used 1990K, capacity 2052K, committed 2176K, reserved 1048576K
}
Event: 15.136 GC heap before
{Heap before GC invocations=5 (full 2):
 PSYoungGen      total 45056K, used 3055K [0x00000000e5b00000, 0x00000000ea200000, 0x0000000100000000)
  eden space 41984K, 0% used [0x00000000e5b00000,0x00000000e5b00000,0x00000000e8400000)
  from space 3072K, 99% used [0x00000000e8400000,0x00000000e86fbca0,0x00000000e8700000)
  to   space 3072K, 0% used [0x00000000e9f00000,0x00000000e9f00000,0x00000000ea200000)
 ParOldGen       total 73728K, used 60636K [0x00000000b1000000, 0x00000000b5800000, 0x00000000e5b00000)
  object space 73728K, 82% used [0x00000000b1000000,0x00000000b4b37258,0x00000000b5800000)
 Metaspace       used 17022K, capacity 17286K, committed 17536K, reserved 1064960K
  class space    used 1990K, capacity 2052K, committed 2176K, reserved 1048576K
Event: 15.191 GC heap after
Heap after GC invocations=5 (full 2):
 PSYoungGen      total 45056K, used 0K [0x00000000e5b00000, 0x00000000ea200000, 0x0000000100000000)
  eden space 41984K, 0% used [0x00000000e5b00000,0x00000000e5b00000,0x00000000e8400000)
  from space 3072K, 0% used [0x00000000e8400000,0x00000000e8400000,0x00000000e8700000)
  to   space 3072K, 0% used [0x00000000e9f00000,0x00000000e9f00000,0x00000000ea200000)
 ParOldGen       total 125952K, used 43097K [0x00000000b1000000, 0x00000000b8b00000, 0x00000000e5b00000)
  object space 125952K, 34% used [0x00000000b1000000,0x00000000b3a167e0,0x00000000b8b00000)
 Metaspace       used 17022K, capacity 17286K, committed 17536K, reserved 1064960K
  class space    used 1990K, capacity 2052K, committed 2176K, reserved 1048576K
}

