# JRE version: Java(TM) SE Runtime Environment (8.0_251-b08) (build 1.8.0_251-b08)
# Java VM: Java HotSpot(TM) 64-Bit Server VM (25.251-b08 mixed mode windows-amd64 compressed oops)
Heap:
 PSYoungGen      total 31744K, used 26183K [0x00000000e5b00000, 0x00000000e7d80000, 0x0000000100000000)
  eden space 28672K, 80% used [0x00000000e5b00000,0x00000000e7197e68,0x00000000e7700000)
  from space 3072K, 99% used [0x00000000e7a80000,0x00000000e7d79dc8,0x00000000e7d80000)
  to   space 3072K, 0% used [0x00000000e7780000,0x00000000e7780000,0x00000000e7a80000)
 ParOldGen       total 75776K, used 43573K [0x00000000b1000000, 0x00000000b5a00000, 0x00000000e5b00000)
  object space 75776K, 57% used [0x00000000b1000000,0x00000000b3a8d758,0x00000000b5a00000)
 Metaspace       used 18039K, capacity 18272K, committed 18560K, reserved 1064960K
  class space    used 2062K, capacity 2157K, committed 2176K, reserved 1048576K
GC Heap History (10 events):
Event: 7.188 GC heap before
{Heap before GC invocations=1 (full 0):
 PSYoungGen      total 24064K, used 20992K [0x00000000e5b00000, 0x00000000e7580000, 0x0000000100000000)
  eden space 20992K, 100% used [0x00000000e5b00000,0x00000000e6f80000,0x00000000e6f80000)
  from space 3072K, 0% used [0x00000000e7280000,0x00000000e7280000,0x00000000e7580000)
  to   space 3072K, 0% used [0x00000000e6f80000,0x00000000e6f80000,0x00000000e7280000)
 ParOldGen       total 54784K, used 0K [0x00000000b1000000, 0x00000000b4580000, 0x00000000e5b00000)
  object space 54784K, 0% used [0x00000000b1000000,0x00000000b1000000,0x00000000b4580000)
 Metaspace       used 13526K, capacity 13756K, committed 13952K, reserved 1060864K
  class space    used 1530K, capacity 1629K, committed 1664K, reserved 1048576K
Event: 7.246 GC heap after
Heap after GC invocations=1 (full 0):
 PSYoungGen      total 24064K, used 3066K [0x00000000e5b00000, 0x00000000e7580000, 0x0000000100000000)
  eden space 20992K, 0% used [0x00000000e5b00000,0x00000000e5b00000,0x00000000e6f80000)
  from space 3072K, 99% used [0x00000000e6f80000,0x00000000e727eaf8,0x00000000e7280000)
  to   space 3072K, 0% used [0x00000000e7280000,0x00000000e7280000,0x00000000e7580000)
 ParOldGen       total 54784K, used 24484K [0x00000000b1000000, 0x00000000b4580000, 0x00000000e5b00000)
  object space 54784K, 44% used [0x00000000b1000000,0x00000000b27e9248,0x00000000b4580000)
 Metaspace       used 13526K, capacity 13756K, committed 13952K, reserved 1060864K
  class space    used 1530K, capacity 1629K, committed 1664K, reserved 1048576K
}
Event: 8.626 GC heap before
{Heap before GC invocations=2 (full 0):
 PSYoungGen      total 24064K, used 24058K [0x00000000e5b00000, 0x00000000e7580000, 0x0000000100000000)
  eden space 20992K, 100% used [0x00000000e5b00000,0x00000000e6f80000,0x00000000e6f80000)
  from space 3072K, 99% used [0x00000000e6f80000,0x00000000e727eaf8,0x00000000e7280000)
  to   space 3072K, 0% used [0x00000000e7280000,0x00000000e7280000,0x00000000e7580000)
 ParOldGen       total 54784K, used 24484K [0x00000000b1000000, 0x00000000b4580000, 0x00000000e5b00000)
  object space 54784K, 44% used [0x00000000b1000000,0x00000000b27e9248,0x00000000b4580000)
 Metaspace       used 13575K, capacity 13828K, committed 13952K, reserved 1060864K
  class space    used 1532K, capacity 1629K, committed 1664K, reserved 1048576K
Event: 8.673 GC heap after
Heap after GC invocations=2 (full 0):
 PSYoungGen      total 24064K, used 2720K [0x00000000e5b00000, 0x00000000e8a00000, 0x0000000100000000)
  eden space 20992K, 0% used [0x00000000e5b00000,0x00000000e5b00000,0x00000000e6f80000)
  from space 3072K, 88% used [0x00000000e7280000,0x00000000e7528000,0x00000000e7580000)
  to   space 3072K, 0% used [0x00000000e6f80000,0x00000000e6f80000,0x00000000e7280000)
 ParOldGen       total 54784K, used 48792K [0x00000000b1000000, 0x00000000b4580000, 0x00000000e5b00000)
  object space 54784K, 89% used [0x00000000b1000000,0x00000000b3fa6278,0x00000000b4580000)
 Metaspace       used 13575K, capacity 13828K, committed 13952K, reserved 1060864K
  class space    used 1532K, capacity 1629K, committed 1664K, reserved 1048576K
}
Event: 8.688 GC heap before
{Heap before GC invocations=3 (full 1):
 PSYoungGen      total 24064K, used 2720K [0x00000000e5b00000, 0x00000000e8a00000, 0x0000000100000000)
  eden space 20992K, 0% used [0x00000000e5b00000,0x00000000e5b00000,0x00000000e6f80000)
  from space 3072K, 88% used [0x00000000e7280000,0x00000000e7528000,0x00000000e7580000)
  to   space 3072K, 0% used [0x00000000e6f80000,0x00000000e6f80000,0x00000000e7280000)
 ParOldGen       total 54784K, used 48792K [0x00000000b1000000, 0x00000000b4580000, 0x00000000e5b00000)
  object space 54784K, 89% used [0x00000000b1000000,0x00000000b3fa6278,0x00000000b4580000)
 Metaspace       used 13575K, capacity 13828K, committed 13952K, reserved 1060864K
  class space    used 1532K, capacity 1629K, committed 1664K, reserved 1048576K
Event: 8.882 GC heap after
Heap after GC invocations=3 (full 1):
 PSYoungGen      total 24064K, used 0K [0x00000000e5b00000, 0x00000000e8a00000, 0x0000000100000000)
  eden space 20992K, 0% used [0x00000000e5b00000,0x00000000e5b00000,0x00000000e6f80000)
  from space 3072K, 0% used [0x00000000e7280000,0x00000000e7280000,0x00000000e7580000)
  to   space 3072K, 0% used [0x00000000e6f80000,0x00000000e6f80000,0x00000000e7280000)
 ParOldGen       total 75776K, used 18921K [0x00000000b1000000, 0x00000000b5a00000, 0x00000000e5b00000)
  object space 75776K, 24% used [0x00000000b1000000,0x00000000b227a708,0x00000000b5a00000)
 Metaspace       used 13575K, capacity 13828K, committed 13952K, reserved 1060864K
  class space    used 1532K, capacity 1629K, committed 1664K, reserved 1048576K
}
Event: 37.441 GC heap before
{Heap before GC invocations=4 (full 1):
 PSYoungGen      total 24064K, used 20992K [0x00000000e5b00000, 0x00000000e8a00000, 0x0000000100000000)
  eden space 20992K, 100% used [0x00000000e5b00000,0x00000000e6f80000,0x00000000e6f80000)
  from space 3072K, 0% used [0x00000000e7280000,0x00000000e7280000,0x00000000e7580000)
  to   space 3072K, 0% used [0x00000000e6f80000,0x00000000e6f80000,0x00000000e7280000)
 ParOldGen       total 75776K, used 39017K [0x00000000b1000000, 0x00000000b5a00000, 0x00000000e5b00000)
  object space 75776K, 51% used [0x00000000b1000000,0x00000000b361a768,0x00000000b5a00000)
 Metaspace       used 16988K, capacity 17226K, committed 17536K, reserved 1064960K
  class space    used 1980K, capacity 2052K, committed 2176K, reserved 1048576K
Event: 37.477 GC heap after
Heap after GC invocations=4 (full 1):
 PSYoungGen      total 24064K, used 3063K [0x00000000e5b00000, 0x00000000e7d80000, 0x0000000100000000)
  eden space 20992K, 0% used [0x00000000e5b00000,0x00000000e5b00000,0x00000000e6f80000)
  from space 3072K, 99% used [0x00000000e6f80000,0x00000000e727df98,0x00000000e7280000)
  to   space 3072K, 0% used [0x00000000e7a80000,0x00000000e7a80000,0x00000000e7d80000)
 ParOldGen       total 75776K, used 41430K [0x00000000b1000000, 0x00000000b5a00000, 0x00000000e5b00000)
  object space 75776K, 54% used [0x00000000b1000000,0x00000000b3875b80,0x00000000b5a00000)
 Metaspace       used 16988K, capacity 17226K, committed 17536K, reserved 1064960K
  class space    used 1980K, capacity 2052K, committed 2176K, reserved 1048576K
}
Event: 44.981 GC heap before
{Heap before GC invocations=5 (full 1):
 PSYoungGen      total 24064K, used 24055K [0x00000000e5b00000, 0x00000000e7d80000, 0x0000000100000000)
  eden space 20992K, 100% used [0x00000000e5b00000,0x00000000e6f80000,0x00000000e6f80000)
  from space 3072K, 99% used [0x00000000e6f80000,0x00000000e727df98,0x00000000e7280000)
  to   space 3072K, 0% used [0x00000000e7a80000,0x00000000e7a80000,0x00000000e7d80000)
 ParOldGen       total 75776K, used 41430K [0x00000000b1000000, 0x00000000b5a00000, 0x00000000e5b00000)
  object space 75776K, 54% used [0x00000000b1000000,0x00000000b3875b80,0x00000000b5a00000)
 Metaspace       used 17494K, capacity 17744K, committed 18048K, reserved 1064960K
  class space    used 2026K, capacity 2117K, committed 2176K, reserved 1048576K
Event: 45.021 GC heap after
Heap after GC invocations=5 (full 1):
 PSYoungGen      total 31744K, used 3047K [0x00000000e5b00000, 0x00000000e7d80000, 0x0000000100000000)
  eden space 28672K, 0% used [0x00000000e5b00000,0x00000000e5b00000,0x00000000e7700000)
  from space 3072K, 99% used [0x00000000e7a80000,0x00000000e7d79dc8,0x00000000e7d80000)
  to   space 3072K, 0% used [0x00000000e7780000,0x00000000e7780000,0x00000000e7a80000)
 ParOldGen       total 75776K, used 43573K [0x00000000b1000000, 0x00000000b5a00000, 0x00000000e5b00000)
  object space 75776K, 57% used [0x00000000b1000000,0x00000000b3a8d758,0x00000000b5a00000)
 Metaspace       used 17494K, capacity 17744K, committed 18048K, reserved 1064960K
  class space    used 2026K, capacity 2117K, committed 2176K, reserved 1048576K
}

