# JRE version: Java(TM) SE Runtime Environment (8.0_251-b08) (build 1.8.0_251-b08)
# Java VM: Java HotSpot(TM) 64-Bit Server VM (25.251-b08 mixed mode windows-amd64 compressed oops)
Heap:
 PSYoungGen      total 24064K, used 17601K [0x00000000e5b00000, 0x00000000e8300000, 0x0000000100000000)
  eden space 20992K, 74% used [0x00000000e5b00000,0x00000000e6a41a48,0x00000000e6f80000)
  from space 3072K, 64% used [0x00000000e6f80000,0x00000000e716eb78,0x00000000e7280000)
  to   space 3072K, 0% used [0x00000000e8000000,0x00000000e8000000,0x00000000e8300000)
 ParOldGen       total 86528K, used 53938K [0x00000000b1000000, 0x00000000b6480000, 0x00000000e5b00000)
  object space 86528K, 62% used [0x00000000b1000000,0x00000000b44aca30,0x00000000b6480000)
 Metaspace       used 17595K, capacity 17792K, committed 18048K, reserved 1064960K
  class space    used 2041K, capacity 2117K, committed 2176K, reserved 1048576K
GC Heap History (8 events):
Event: 3.084 GC heap before
{Heap before GC invocations=1 (full 0):
 PSYoungGen      total 24064K, used 20992K [0x00000000e5b00000, 0x00000000e7580000, 0x0000000100000000)
  eden space 20992K, 100% used [0x00000000e5b00000,0x00000000e6f80000,0x00000000e6f80000)
  from space 3072K, 0% used [0x00000000e7280000,0x00000000e7280000,0x00000000e7580000)
  to   space 3072K, 0% used [0x00000000e6f80000,0x00000000e6f80000,0x00000000e7280000)
 ParOldGen       total 54784K, used 0K [0x00000000b1000000, 0x00000000b4580000, 0x00000000e5b00000)
  object space 54784K, 0% used [0x00000000b1000000,0x00000000b1000000,0x00000000b4580000)
 Metaspace       used 13517K, capacity 13740K, committed 13952K, reserved 1060864K
  class space    used 1530K, capacity 1629K, committed 1664K, reserved 1048576K
Event: 3.107 GC heap after
Heap after GC invocations=1 (full 0):
 PSYoungGen      total 24064K, used 3063K [0x00000000e5b00000, 0x00000000e7580000, 0x0000000100000000)
  eden space 20992K, 0% used [0x00000000e5b00000,0x00000000e5b00000,0x00000000e6f80000)
  from space 3072K, 99% used [0x00000000e6f80000,0x00000000e727dde0,0x00000000e7280000)
  to   space 3072K, 0% used [0x00000000e7280000,0x00000000e7280000,0x00000000e7580000)
 ParOldGen       total 54784K, used 16373K [0x00000000b1000000, 0x00000000b4580000, 0x00000000e5b00000)
  object space 54784K, 29% used [0x00000000b1000000,0x00000000b1ffd6b8,0x00000000b4580000)
 Metaspace       used 13517K, capacity 13740K, committed 13952K, reserved 1060864K
  class space    used 1530K, capacity 1629K, committed 1664K, reserved 1048576K
}
Event: 3.615 GC heap before
{Heap before GC invocations=2 (full 0):
 PSYoungGen      total 24064K, used 24055K [0x00000000e5b00000, 0x00000000e7580000, 0x0000000100000000)
  eden space 20992K, 100% used [0x00000000e5b00000,0x00000000e6f80000,0x00000000e6f80000)
  from space 3072K, 99% used [0x00000000e6f80000,0x00000000e727dde0,0x00000000e7280000)
  to   space 3072K, 0% used [0x00000000e7280000,0x00000000e7280000,0x00000000e7580000)
 ParOldGen       total 54784K, used 16373K [0x00000000b1000000, 0x00000000b4580000, 0x00000000e5b00000)
  object space 54784K, 29% used [0x00000000b1000000,0x00000000b1ffd6b8,0x00000000b4580000)
 Metaspace       used 13566K, capacity 13812K, committed 13952K, reserved 1060864K
  class space    used 1532K, capacity 1629K, committed 1664K, reserved 1048576K
Event: 3.635 GC heap after
Heap after GC invocations=2 (full 0):
 PSYoungGen      total 24064K, used 2752K [0x00000000e5b00000, 0x00000000e8a00000, 0x0000000100000000)
  eden space 20992K, 0% used [0x00000000e5b00000,0x00000000e5b00000,0x00000000e6f80000)
  from space 3072K, 89% used [0x00000000e7280000,0x00000000e7530000,0x00000000e7580000)
  to   space 3072K, 0% used [0x00000000e6f80000,0x00000000e6f80000,0x00000000e7280000)
 ParOldGen       total 54784K, used 32581K [0x00000000b1000000, 0x00000000b4580000, 0x00000000e5b00000)
  object space 54784K, 59% used [0x00000000b1000000,0x00000000b2fd16d8,0x00000000b4580000)
 Metaspace       used 13566K, capacity 13812K, committed 13952K, reserved 1060864K
  class space    used 1532K, capacity 1629K, committed 1664K, reserved 1048576K
}
Event: 14.007 GC heap before
{Heap before GC invocations=3 (full 1):
 PSYoungGen      total 24064K, used 23627K [0x00000000e5b00000, 0x00000000e8a00000, 0x0000000100000000)
  eden space 20992K, 99% used [0x00000000e5b00000,0x00000000e6f62f30,0x00000000e6f80000)
  from space 3072K, 89% used [0x00000000e7280000,0x00000000e7530000,0x00000000e7580000)
  to   space 3072K, 0% used [0x00000000e6f80000,0x00000000e6f80000,0x00000000e7280000)
 ParOldGen       total 54784K, used 52677K [0x00000000b1000000, 0x00000000b4580000, 0x00000000e5b00000)
  object space 54784K, 96% used [0x00000000b1000000,0x00000000b4371738,0x00000000b4580000)
 Metaspace       used 17068K, capacity 17306K, committed 17536K, reserved 1064960K
  class space    used 1996K, capacity 2084K, committed 2176K, reserved 1048576K
Event: 14.119 GC heap after
Heap after GC invocations=3 (full 1):
 PSYoungGen      total 24064K, used 0K [0x00000000e5b00000, 0x00000000e8a00000, 0x0000000100000000)
  eden space 20992K, 0% used [0x00000000e5b00000,0x00000000e5b00000,0x00000000e6f80000)
  from space 3072K, 0% used [0x00000000e7280000,0x00000000e7280000,0x00000000e7580000)
  to   space 3072K, 0% used [0x00000000e6f80000,0x00000000e6f80000,0x00000000e7280000)
 ParOldGen       total 86528K, used 42995K [0x00000000b1000000, 0x00000000b6480000, 0x00000000e5b00000)
  object space 86528K, 49% used [0x00000000b1000000,0x00000000b39fccb0,0x00000000b6480000)
 Metaspace       used 17068K, capacity 17306K, committed 17536K, reserved 1064960K
  class space    used 1996K, capacity 2084K, committed 2176K, reserved 1048576K
}
Event: 18.487 GC heap before
{Heap before GC invocations=4 (full 1):
 PSYoungGen      total 24064K, used 20992K [0x00000000e5b00000, 0x00000000e8a00000, 0x0000000100000000)
  eden space 20992K, 100% used [0x00000000e5b00000,0x00000000e6f80000,0x00000000e6f80000)
  from space 3072K, 0% used [0x00000000e7280000,0x00000000e7280000,0x00000000e7580000)
  to   space 3072K, 0% used [0x00000000e6f80000,0x00000000e6f80000,0x00000000e7280000)
 ParOldGen       total 86528K, used 42995K [0x00000000b1000000, 0x00000000b6480000, 0x00000000e5b00000)
  object space 86528K, 49% used [0x00000000b1000000,0x00000000b39fccb0,0x00000000b6480000)
 Metaspace       used 17328K, capacity 17536K, committed 17792K, reserved 1064960K
  class space    used 2026K, capacity 2117K, committed 2176K, reserved 1048576K
Event: 18.499 GC heap after
Heap after GC invocations=4 (full 1):
 PSYoungGen      total 24064K, used 1978K [0x00000000e5b00000, 0x00000000e8300000, 0x0000000100000000)
  eden space 20992K, 0% used [0x00000000e5b00000,0x00000000e5b00000,0x00000000e6f80000)
  from space 3072K, 64% used [0x00000000e6f80000,0x00000000e716eb78,0x00000000e7280000)
  to   space 3072K, 0% used [0x00000000e8000000,0x00000000e8000000,0x00000000e8300000)
 ParOldGen       total 86528K, used 53938K [0x00000000b1000000, 0x00000000b6480000, 0x00000000e5b00000)
  object space 86528K, 62% used [0x00000000b1000000,0x00000000b44aca30,0x00000000b6480000)
 Metaspace       used 17328K, capacity 17536K, committed 17792K, reserved 1064960K
  class space    used 2026K, capacity 2117K, committed 2176K, reserved 1048576K
}

