# JRE version: Java(TM) SE Runtime Environment (8.0_251-b08) (build 1.8.0_251-b08)
# Java VM: Java HotSpot(TM) 64-Bit Server VM (25.251-b08 mixed mode windows-amd64 compressed oops)
Heap:
 PSYoungGen      total 54272K, used 41459K [0x00000000e5b00000, 0x00000000eac80000, 0x0000000100000000)
  eden space 42496K, 70% used [0x00000000e5b00000,0x00000000e7823e60,0x00000000e8480000)
  from space 11776K, 98% used [0x00000000e8580000,0x00000000e90d9100,0x00000000e9100000)
  to   space 20480K, 0% used [0x00000000e9880000,0x00000000e9880000,0x00000000eac80000)
 ParOldGen       total 113664K, used 48426K [0x00000000b1000000, 0x00000000b7f00000, 0x00000000e5b00000)
  object space 113664K, 42% used [0x00000000b1000000,0x00000000b3f4aa38,0x00000000b7f00000)
 Metaspace       used 18253K, capacity 18482K, committed 18816K, reserved 1067008K
  class space    used 2047K, capacity 2124K, committed 2176K, reserved 1048576K
GC Heap History (10 events):
Event: 500.373 GC heap before
{Heap before GC invocations=9 (full 2):
 PSYoungGen      total 70656K, used 50836K [0x00000000e5b00000, 0x00000000ebd80000, 0x0000000100000000)
  eden space 47616K, 100% used [0x00000000e5b00000,0x00000000e8980000,0x00000000e8980000)
  from space 23040K, 13% used [0x00000000ea700000,0x00000000eaa25070,0x00000000ebd80000)
  to   space 26624K, 0% used [0x00000000e8980000,0x00000000e8980000,0x00000000ea380000)
 ParOldGen       total 113664K, used 48402K [0x00000000b1000000, 0x00000000b7f00000, 0x00000000e5b00000)
  object space 113664K, 42% used [0x00000000b1000000,0x00000000b3f44a38,0x00000000b7f00000)
 Metaspace       used 18057K, capacity 18282K, committed 18560K, reserved 1064960K
  class space    used 2044K, capacity 2124K, committed 2176K, reserved 1048576K
Event: 500.392 GC heap after
Heap after GC invocations=9 (full 2):
 PSYoungGen      total 53248K, used 6191K [0x00000000e5b00000, 0x00000000eb880000, 0x0000000100000000)
  eden space 46592K, 0% used [0x00000000e5b00000,0x00000000e5b00000,0x00000000e8880000)
  from space 6656K, 93% used [0x00000000e8980000,0x00000000e8f8bc70,0x00000000e9000000)
  to   space 24576K, 0% used [0x00000000ea080000,0x00000000ea080000,0x00000000eb880000)
 ParOldGen       total 113664K, used 48410K [0x00000000b1000000, 0x00000000b7f00000, 0x00000000e5b00000)
  object space 113664K, 42% used [0x00000000b1000000,0x00000000b3f46a38,0x00000000b7f00000)
 Metaspace       used 18057K, capacity 18282K, committed 18560K, reserved 1064960K
  class space    used 2044K, capacity 2124K, committed 2176K, reserved 1048576K
}
Event: 781.672 GC heap before
{Heap before GC invocations=10 (full 2):
 PSYoungGen      total 53248K, used 52783K [0x00000000e5b00000, 0x00000000eb880000, 0x0000000100000000)
  eden space 46592K, 100% used [0x00000000e5b00000,0x00000000e8880000,0x00000000e8880000)
  from space 6656K, 93% used [0x00000000e8980000,0x00000000e8f8bc70,0x00000000e9000000)
  to   space 24576K, 0% used [0x00000000ea080000,0x00000000ea080000,0x00000000eb880000)
 ParOldGen       total 113664K, used 48410K [0x00000000b1000000, 0x00000000b7f00000, 0x00000000e5b00000)
  object space 113664K, 42% used [0x00000000b1000000,0x00000000b3f46a38,0x00000000b7f00000)
 Metaspace       used 18068K, capacity 18346K, committed 18560K, reserved 1064960K
  class space    used 2045K, capacity 2124K, committed 2176K, reserved 1048576K
Event: 782.160 GC heap after
Heap after GC invocations=10 (full 2):
 PSYoungGen      total 66048K, used 6544K [0x00000000e5b00000, 0x00000000eb480000, 0x0000000100000000)
  eden space 45568K, 0% used [0x00000000e5b00000,0x00000000e5b00000,0x00000000e8780000)
  from space 20480K, 31% used [0x00000000ea080000,0x00000000ea6e4010,0x00000000eb480000)
  to   space 23040K, 0% used [0x00000000e8780000,0x00000000e8780000,0x00000000e9e00000)
 ParOldGen       total 113664K, used 48418K [0x00000000b1000000, 0x00000000b7f00000, 0x00000000e5b00000)
  object space 113664K, 42% used [0x00000000b1000000,0x00000000b3f48a38,0x00000000b7f00000)
 Metaspace       used 18068K, capacity 18346K, committed 18560K, reserved 1064960K
  class space    used 2045K, capacity 2124K, committed 2176K, reserved 1048576K
}
Event: 1067.466 GC heap before
{Heap before GC invocations=11 (full 2):
 PSYoungGen      total 66048K, used 52112K [0x00000000e5b00000, 0x00000000eb480000, 0x0000000100000000)
  eden space 45568K, 100% used [0x00000000e5b00000,0x00000000e8780000,0x00000000e8780000)
  from space 20480K, 31% used [0x00000000ea080000,0x00000000ea6e4010,0x00000000eb480000)
  to   space 23040K, 0% used [0x00000000e8780000,0x00000000e8780000,0x00000000e9e00000)
 ParOldGen       total 113664K, used 48418K [0x00000000b1000000, 0x00000000b7f00000, 0x00000000e5b00000)
  object space 113664K, 42% used [0x00000000b1000000,0x00000000b3f48a38,0x00000000b7f00000)
 Metaspace       used 18068K, capacity 18346K, committed 18560K, reserved 1064960K
  class space    used 2045K, capacity 2124K, committed 2176K, reserved 1048576K
Event: 1067.482 GC heap after
Heap after GC invocations=11 (full 2):
 PSYoungGen      total 51200K, used 6480K [0x00000000e5b00000, 0x00000000eb080000, 0x0000000100000000)
  eden space 44544K, 0% used [0x00000000e5b00000,0x00000000e5b00000,0x00000000e8680000)
  from space 6656K, 97% used [0x00000000e8780000,0x00000000e8dd4010,0x00000000e8e00000)
  to   space 21504K, 0% used [0x00000000e9b80000,0x00000000e9b80000,0x00000000eb080000)
 ParOldGen       total 113664K, used 48418K [0x00000000b1000000, 0x00000000b7f00000, 0x00000000e5b00000)
  object space 113664K, 42% used [0x00000000b1000000,0x00000000b3f48a38,0x00000000b7f00000)
 Metaspace       used 18068K, capacity 18346K, committed 18560K, reserved 1064960K
  class space    used 2045K, capacity 2124K, committed 2176K, reserved 1048576K
}
Event: 1344.950 GC heap before
{Heap before GC invocations=12 (full 2):
 PSYoungGen      total 51200K, used 51024K [0x00000000e5b00000, 0x00000000eb080000, 0x0000000100000000)
  eden space 44544K, 100% used [0x00000000e5b00000,0x00000000e8680000,0x00000000e8680000)
  from space 6656K, 97% used [0x00000000e8780000,0x00000000e8dd4010,0x00000000e8e00000)
  to   space 21504K, 0% used [0x00000000e9b80000,0x00000000e9b80000,0x00000000eb080000)
 ParOldGen       total 113664K, used 48418K [0x00000000b1000000, 0x00000000b7f00000, 0x00000000e5b00000)
  object space 113664K, 42% used [0x00000000b1000000,0x00000000b3f48a38,0x00000000b7f00000)
 Metaspace       used 18069K, capacity 18346K, committed 18560K, reserved 1064960K
  class space    used 2045K, capacity 2124K, committed 2176K, reserved 1048576K
Event: 1344.983 GC heap after
Heap after GC invocations=12 (full 2):
 PSYoungGen      total 61952K, used 6448K [0x00000000e5b00000, 0x00000000ead80000, 0x0000000100000000)
  eden space 43520K, 0% used [0x00000000e5b00000,0x00000000e5b00000,0x00000000e8580000)
  from space 18432K, 34% used [0x00000000e9b80000,0x00000000ea1cc010,0x00000000ead80000)
  to   space 20480K, 0% used [0x00000000e8580000,0x00000000e8580000,0x00000000e9980000)
 ParOldGen       total 113664K, used 48418K [0x00000000b1000000, 0x00000000b7f00000, 0x00000000e5b00000)
  object space 113664K, 42% used [0x00000000b1000000,0x00000000b3f48a38,0x00000000b7f00000)
 Metaspace       used 18069K, capacity 18346K, committed 18560K, reserved 1064960K
  class space    used 2045K, capacity 2124K, committed 2176K, reserved 1048576K
}
Event: 1489.437 GC heap before
{Heap before GC invocations=13 (full 2):
 PSYoungGen      total 61952K, used 49968K [0x00000000e5b00000, 0x00000000ead80000, 0x0000000100000000)
  eden space 43520K, 100% used [0x00000000e5b00000,0x00000000e8580000,0x00000000e8580000)
  from space 18432K, 34% used [0x00000000e9b80000,0x00000000ea1cc010,0x00000000ead80000)
  to   space 20480K, 0% used [0x00000000e8580000,0x00000000e8580000,0x00000000e9980000)
 ParOldGen       total 113664K, used 48418K [0x00000000b1000000, 0x00000000b7f00000, 0x00000000e5b00000)
  object space 113664K, 42% used [0x00000000b1000000,0x00000000b3f48a38,0x00000000b7f00000)
 Metaspace       used 18160K, capacity 18410K, committed 18816K, reserved 1067008K
  class space    used 2045K, capacity 2124K, committed 2176K, reserved 1048576K
Event: 1489.482 GC heap after
Heap after GC invocations=13 (full 2):
 PSYoungGen      total 54272K, used 11620K [0x00000000e5b00000, 0x00000000eac80000, 0x0000000100000000)
  eden space 42496K, 0% used [0x00000000e5b00000,0x00000000e5b00000,0x00000000e8480000)
  from space 11776K, 98% used [0x00000000e8580000,0x00000000e90d9100,0x00000000e9100000)
  to   space 20480K, 0% used [0x00000000e9880000,0x00000000e9880000,0x00000000eac80000)
 ParOldGen       total 113664K, used 48426K [0x00000000b1000000, 0x00000000b7f00000, 0x00000000e5b00000)
  object space 113664K, 42% used [0x00000000b1000000,0x00000000b3f4aa38,0x00000000b7f00000)
 Metaspace       used 18160K, capacity 18410K, committed 18816K, reserved 1067008K
  class space    used 2045K, capacity 2124K, committed 2176K, reserved 1048576K
}

