# JRE version: Java(TM) SE Runtime Environment (8.0_251-b08) (build 1.8.0_251-b08)
# Java VM: Java HotSpot(TM) 64-Bit Server VM (25.251-b08 mixed mode windows-amd64 compressed oops)
Heap:
 PSYoungGen      total 73216K, used 6583K [0x00000000e5b00000, 0x00000000ea580000, 0x0000000100000000)
  eden space 70144K, 7% used [0x00000000e5b00000,0x00000000e6003a88,0x00000000e9f80000)
  from space 3072K, 47% used [0x00000000ea280000,0x00000000ea3ea4a8,0x00000000ea580000)
  to   space 3072K, 0% used [0x00000000e9f80000,0x00000000e9f80000,0x00000000ea280000)
 ParOldGen       total 123904K, used 51139K [0x00000000b1000000, 0x00000000b8900000, 0x00000000e5b00000)
  object space 123904K, 41% used [0x00000000b1000000,0x00000000b41f0f58,0x00000000b8900000)
 Metaspace       used 17731K, capacity 17936K, committed 18304K, reserved 1064960K
  class space    used 2041K, capacity 2117K, committed 2176K, reserved 1048576K
GC Heap History (10 events):
Event: 5.001 GC heap before
{Heap before GC invocations=2 (full 0):
 PSYoungGen      total 24064K, used 24050K [0x00000000e5b00000, 0x00000000e8a00000, 0x0000000100000000)
  eden space 20992K, 99% used [0x00000000e5b00000,0x00000000e6f7ed78,0x00000000e6f80000)
  from space 3072K, 99% used [0x00000000e6f80000,0x00000000e727dde0,0x00000000e7280000)
  to   space 3072K, 0% used [0x00000000e8700000,0x00000000e8700000,0x00000000e8a00000)
 ParOldGen       total 54784K, used 24439K [0x00000000b1000000, 0x00000000b4580000, 0x00000000e5b00000)
  object space 54784K, 44% used [0x00000000b1000000,0x00000000b27ddf50,0x00000000b4580000)
 Metaspace       used 13561K, capacity 13828K, committed 13952K, reserved 1060864K
  class space    used 1532K, capacity 1629K, committed 1664K, reserved 1048576K
Event: 5.027 GC heap after
Heap after GC invocations=2 (full 0):
 PSYoungGen      total 45056K, used 2720K [0x00000000e5b00000, 0x00000000e8a00000, 0x0000000100000000)
  eden space 41984K, 0% used [0x00000000e5b00000,0x00000000e5b00000,0x00000000e8400000)
  from space 3072K, 88% used [0x00000000e8700000,0x00000000e89a8020,0x00000000e8a00000)
  to   space 3072K, 0% used [0x00000000e8400000,0x00000000e8400000,0x00000000e8700000)
 ParOldGen       total 54784K, used 40647K [0x00000000b1000000, 0x00000000b4580000, 0x00000000e5b00000)
  object space 54784K, 74% used [0x00000000b1000000,0x00000000b37b1f70,0x00000000b4580000)
 Metaspace       used 13561K, capacity 13828K, committed 13952K, reserved 1060864K
  class space    used 1532K, capacity 1629K, committed 1664K, reserved 1048576K
}
Event: 5.027 GC heap before
{Heap before GC invocations=3 (full 1):
 PSYoungGen      total 45056K, used 2720K [0x00000000e5b00000, 0x00000000e8a00000, 0x0000000100000000)
  eden space 41984K, 0% used [0x00000000e5b00000,0x00000000e5b00000,0x00000000e8400000)
  from space 3072K, 88% used [0x00000000e8700000,0x00000000e89a8020,0x00000000e8a00000)
  to   space 3072K, 0% used [0x00000000e8400000,0x00000000e8400000,0x00000000e8700000)
 ParOldGen       total 54784K, used 40647K [0x00000000b1000000, 0x00000000b4580000, 0x00000000e5b00000)
  object space 54784K, 74% used [0x00000000b1000000,0x00000000b37b1f70,0x00000000b4580000)
 Metaspace       used 13561K, capacity 13828K, committed 13952K, reserved 1060864K
  class space    used 1532K, capacity 1629K, committed 1664K, reserved 1048576K
Event: 5.096 GC heap after
Heap after GC invocations=3 (full 1):
 PSYoungGen      total 45056K, used 0K [0x00000000e5b00000, 0x00000000e8a00000, 0x0000000100000000)
  eden space 41984K, 0% used [0x00000000e5b00000,0x00000000e5b00000,0x00000000e8400000)
  from space 3072K, 0% used [0x00000000e8700000,0x00000000e8700000,0x00000000e8a00000)
  to   space 3072K, 0% used [0x00000000e8400000,0x00000000e8400000,0x00000000e8700000)
 ParOldGen       total 72704K, used 18833K [0x00000000b1000000, 0x00000000b5700000, 0x00000000e5b00000)
  object space 72704K, 25% used [0x00000000b1000000,0x00000000b22644a0,0x00000000b5700000)
 Metaspace       used 13561K, capacity 13828K, committed 13952K, reserved 1060864K
  class space    used 1532K, capacity 1629K, committed 1664K, reserved 1048576K
}
Event: 13.266 GC heap before
{Heap before GC invocations=4 (full 1):
 PSYoungGen      total 45056K, used 41681K [0x00000000e5b00000, 0x00000000e8a00000, 0x0000000100000000)
  eden space 41984K, 99% used [0x00000000e5b00000,0x00000000e83b4430,0x00000000e8400000)
  from space 3072K, 0% used [0x00000000e8700000,0x00000000e8700000,0x00000000e8a00000)
  to   space 3072K, 0% used [0x00000000e8400000,0x00000000e8400000,0x00000000e8700000)
 ParOldGen       total 72704K, used 18833K [0x00000000b1000000, 0x00000000b5700000, 0x00000000e5b00000)
  object space 72704K, 25% used [0x00000000b1000000,0x00000000b22644a0,0x00000000b5700000)
 Metaspace       used 17044K, capacity 17258K, committed 17536K, reserved 1064960K
  class space    used 1996K, capacity 2084K, committed 2176K, reserved 1048576K
Event: 13.320 GC heap after
Heap after GC invocations=4 (full 1):
 PSYoungGen      total 45056K, used 3067K [0x00000000e5b00000, 0x00000000ea580000, 0x0000000100000000)
  eden space 41984K, 0% used [0x00000000e5b00000,0x00000000e5b00000,0x00000000e8400000)
  from space 3072K, 99% used [0x00000000e8400000,0x00000000e86fedc8,0x00000000e8700000)
  to   space 3072K, 0% used [0x00000000ea280000,0x00000000ea280000,0x00000000ea580000)
 ParOldGen       total 72704K, used 60543K [0x00000000b1000000, 0x00000000b5700000, 0x00000000e5b00000)
  object space 72704K, 83% used [0x00000000b1000000,0x00000000b4b1fee0,0x00000000b5700000)
 Metaspace       used 17044K, capacity 17258K, committed 17536K, reserved 1064960K
  class space    used 1996K, capacity 2084K, committed 2176K, reserved 1048576K
}
Event: 13.320 GC heap before
{Heap before GC invocations=5 (full 2):
 PSYoungGen      total 45056K, used 3067K [0x00000000e5b00000, 0x00000000ea580000, 0x0000000100000000)
  eden space 41984K, 0% used [0x00000000e5b00000,0x00000000e5b00000,0x00000000e8400000)
  from space 3072K, 99% used [0x00000000e8400000,0x00000000e86fedc8,0x00000000e8700000)
  to   space 3072K, 0% used [0x00000000ea280000,0x00000000ea280000,0x00000000ea580000)
 ParOldGen       total 72704K, used 60543K [0x00000000b1000000, 0x00000000b5700000, 0x00000000e5b00000)
  object space 72704K, 83% used [0x00000000b1000000,0x00000000b4b1fee0,0x00000000b5700000)
 Metaspace       used 17044K, capacity 17258K, committed 17536K, reserved 1064960K
  class space    used 1996K, capacity 2084K, committed 2176K, reserved 1048576K
Event: 13.376 GC heap after
Heap after GC invocations=5 (full 2):
 PSYoungGen      total 45056K, used 0K [0x00000000e5b00000, 0x00000000ea580000, 0x0000000100000000)
  eden space 41984K, 0% used [0x00000000e5b00000,0x00000000e5b00000,0x00000000e8400000)
  from space 3072K, 0% used [0x00000000e8400000,0x00000000e8400000,0x00000000e8700000)
  to   space 3072K, 0% used [0x00000000ea280000,0x00000000ea280000,0x00000000ea580000)
 ParOldGen       total 123904K, used 43031K [0x00000000b1000000, 0x00000000b8900000, 0x00000000e5b00000)
  object space 123904K, 34% used [0x00000000b1000000,0x00000000b3a05f28,0x00000000b8900000)
 Metaspace       used 17044K, capacity 17258K, committed 17536K, reserved 1064960K
  class space    used 1996K, capacity 2084K, committed 2176K, reserved 1048576K
}
Event: 64.261 GC heap before
{Heap before GC invocations=6 (full 2):
 PSYoungGen      total 45056K, used 41984K [0x00000000e5b00000, 0x00000000ea580000, 0x0000000100000000)
  eden space 41984K, 100% used [0x00000000e5b00000,0x00000000e8400000,0x00000000e8400000)
  from space 3072K, 0% used [0x00000000e8400000,0x00000000e8400000,0x00000000e8700000)
  to   space 3072K, 0% used [0x00000000ea280000,0x00000000ea280000,0x00000000ea580000)
 ParOldGen       total 123904K, used 43031K [0x00000000b1000000, 0x00000000b8900000, 0x00000000e5b00000)
  object space 123904K, 34% used [0x00000000b1000000,0x00000000b3a05f28,0x00000000b8900000)
 Metaspace       used 17677K, capacity 17936K, committed 18304K, reserved 1064960K
  class space    used 2041K, capacity 2117K, committed 2176K, reserved 1048576K
Event: 64.268 GC heap after
Heap after GC invocations=6 (full 2):
 PSYoungGen      total 73216K, used 1449K [0x00000000e5b00000, 0x00000000ea580000, 0x0000000100000000)
  eden space 70144K, 0% used [0x00000000e5b00000,0x00000000e5b00000,0x00000000e9f80000)
  from space 3072K, 47% used [0x00000000ea280000,0x00000000ea3ea4a8,0x00000000ea580000)
  to   space 3072K, 0% used [0x00000000e9f80000,0x00000000e9f80000,0x00000000ea280000)
 ParOldGen       total 123904K, used 51139K [0x00000000b1000000, 0x00000000b8900000, 0x00000000e5b00000)
  object space 123904K, 41% used [0x00000000b1000000,0x00000000b41f0f58,0x00000000b8900000)
 Metaspace       used 17677K, capacity 17936K, committed 18304K, reserved 1064960K
  class space    used 2041K, capacity 2117K, committed 2176K, reserved 1048576K
}

