# JRE version: Java(TM) SE Runtime Environment (8.0_251-b08) (build 1.8.0_251-b08)
# Java VM: Java HotSpot(TM) 64-Bit Server VM (25.251-b08 mixed mode windows-amd64 compressed oops)
Heap:
 PSYoungGen      total 37376K, used 28547K [0x00000000e5b00000, 0x00000000e8300000, 0x0000000100000000)
  eden space 34304K, 77% used [0x00000000e5b00000,0x00000000e74ea440,0x00000000e7c80000)
  from space 3072K, 65% used [0x00000000e7f80000,0x00000000e8176b78,0x00000000e8280000)
  to   space 3072K, 0% used [0x00000000e7c80000,0x00000000e7c80000,0x00000000e7f80000)
 ParOldGen       total 110592K, used 45980K [0x00000000b1000000, 0x00000000b7c00000, 0x00000000e5b00000)
  object space 110592K, 41% used [0x00000000b1000000,0x00000000b3ce7050,0x00000000b7c00000)
 Metaspace       used 18061K, capacity 18330K, committed 18560K, reserved 1064960K
  class space    used 2060K, capacity 2156K, committed 2176K, reserved 1048576K
GC Heap History (10 events):
Event: 3.829 GC heap before
{Heap before GC invocations=2 (full 0):
 PSYoungGen      total 24064K, used 24055K [0x00000000e5b00000, 0x00000000e7580000, 0x0000000100000000)
  eden space 20992K, 100% used [0x00000000e5b00000,0x00000000e6f80000,0x00000000e6f80000)
  from space 3072K, 99% used [0x00000000e6f80000,0x00000000e727dde0,0x00000000e7280000)
  to   space 3072K, 0% used [0x00000000e7280000,0x00000000e7280000,0x00000000e7580000)
 ParOldGen       total 54784K, used 24439K [0x00000000b1000000, 0x00000000b4580000, 0x00000000e5b00000)
  object space 54784K, 44% used [0x00000000b1000000,0x00000000b27ddf50,0x00000000b4580000)
 Metaspace       used 13566K, capacity 13828K, committed 13952K, reserved 1060864K
  class space    used 1532K, capacity 1629K, committed 1664K, reserved 1048576K
Event: 3.861 GC heap after
Heap after GC invocations=2 (full 0):
 PSYoungGen      total 24064K, used 2768K [0x00000000e5b00000, 0x00000000e8a00000, 0x0000000100000000)
  eden space 20992K, 0% used [0x00000000e5b00000,0x00000000e5b00000,0x00000000e6f80000)
  from space 3072K, 90% used [0x00000000e7280000,0x00000000e7534010,0x00000000e7580000)
  to   space 3072K, 0% used [0x00000000e6f80000,0x00000000e6f80000,0x00000000e7280000)
 ParOldGen       total 54784K, used 48747K [0x00000000b1000000, 0x00000000b4580000, 0x00000000e5b00000)
  object space 54784K, 88% used [0x00000000b1000000,0x00000000b3f9af80,0x00000000b4580000)
 Metaspace       used 13566K, capacity 13828K, committed 13952K, reserved 1060864K
  class space    used 1532K, capacity 1629K, committed 1664K, reserved 1048576K
}
Event: 3.861 GC heap before
{Heap before GC invocations=3 (full 1):
 PSYoungGen      total 24064K, used 2768K [0x00000000e5b00000, 0x00000000e8a00000, 0x0000000100000000)
  eden space 20992K, 0% used [0x00000000e5b00000,0x00000000e5b00000,0x00000000e6f80000)
  from space 3072K, 90% used [0x00000000e7280000,0x00000000e7534010,0x00000000e7580000)
  to   space 3072K, 0% used [0x00000000e6f80000,0x00000000e6f80000,0x00000000e7280000)
 ParOldGen       total 54784K, used 48747K [0x00000000b1000000, 0x00000000b4580000, 0x00000000e5b00000)
  object space 54784K, 88% used [0x00000000b1000000,0x00000000b3f9af80,0x00000000b4580000)
 Metaspace       used 13566K, capacity 13828K, committed 13952K, reserved 1060864K
  class space    used 1532K, capacity 1629K, committed 1664K, reserved 1048576K
Event: 3.911 GC heap after
Heap after GC invocations=3 (full 1):
 PSYoungGen      total 24064K, used 0K [0x00000000e5b00000, 0x00000000e8a00000, 0x0000000100000000)
  eden space 20992K, 0% used [0x00000000e5b00000,0x00000000e5b00000,0x00000000e6f80000)
  from space 3072K, 0% used [0x00000000e7280000,0x00000000e7280000,0x00000000e7580000)
  to   space 3072K, 0% used [0x00000000e6f80000,0x00000000e6f80000,0x00000000e7280000)
 ParOldGen       total 70656K, used 18833K [0x00000000b1000000, 0x00000000b5500000, 0x00000000e5b00000)
  object space 70656K, 26% used [0x00000000b1000000,0x00000000b22644f0,0x00000000b5500000)
 Metaspace       used 13566K, capacity 13828K, committed 13952K, reserved 1060864K
  class space    used 1532K, capacity 1629K, committed 1664K, reserved 1048576K
}
Event: 19.338 GC heap before
{Heap before GC invocations=4 (full 1):
 PSYoungGen      total 24064K, used 20992K [0x00000000e5b00000, 0x00000000e8a00000, 0x0000000100000000)
  eden space 20992K, 100% used [0x00000000e5b00000,0x00000000e6f80000,0x00000000e6f80000)
  from space 3072K, 0% used [0x00000000e7280000,0x00000000e7280000,0x00000000e7580000)
  to   space 3072K, 0% used [0x00000000e6f80000,0x00000000e6f80000,0x00000000e7280000)
 ParOldGen       total 70656K, used 38929K [0x00000000b1000000, 0x00000000b5500000, 0x00000000e5b00000)
  object space 70656K, 55% used [0x00000000b1000000,0x00000000b3604550,0x00000000b5500000)
 Metaspace       used 17166K, capacity 17354K, committed 17792K, reserved 1064960K
  class space    used 1988K, capacity 2052K, committed 2176K, reserved 1048576K
Event: 19.343 GC heap after
Heap after GC invocations=4 (full 1):
 PSYoungGen      total 24064K, used 3051K [0x00000000e5b00000, 0x00000000e8280000, 0x0000000100000000)
  eden space 20992K, 0% used [0x00000000e5b00000,0x00000000e5b00000,0x00000000e6f80000)
  from space 3072K, 99% used [0x00000000e6f80000,0x00000000e727af98,0x00000000e7280000)
  to   space 3072K, 0% used [0x00000000e7f80000,0x00000000e7f80000,0x00000000e8280000)
 ParOldGen       total 70656K, used 40168K [0x00000000b1000000, 0x00000000b5500000, 0x00000000e5b00000)
  object space 70656K, 56% used [0x00000000b1000000,0x00000000b373a298,0x00000000b5500000)
 Metaspace       used 17166K, capacity 17354K, committed 17792K, reserved 1064960K
  class space    used 1988K, capacity 2052K, committed 2176K, reserved 1048576K
}
Event: 19.343 GC heap before
{Heap before GC invocations=5 (full 2):
 PSYoungGen      total 24064K, used 3051K [0x00000000e5b00000, 0x00000000e8280000, 0x0000000100000000)
  eden space 20992K, 0% used [0x00000000e5b00000,0x00000000e5b00000,0x00000000e6f80000)
  from space 3072K, 99% used [0x00000000e6f80000,0x00000000e727af98,0x00000000e7280000)
  to   space 3072K, 0% used [0x00000000e7f80000,0x00000000e7f80000,0x00000000e8280000)
 ParOldGen       total 70656K, used 40168K [0x00000000b1000000, 0x00000000b5500000, 0x00000000e5b00000)
  object space 70656K, 56% used [0x00000000b1000000,0x00000000b373a298,0x00000000b5500000)
 Metaspace       used 17166K, capacity 17354K, committed 17792K, reserved 1064960K
  class space    used 1988K, capacity 2052K, committed 2176K, reserved 1048576K
Event: 19.444 GC heap after
Heap after GC invocations=5 (full 2):
 PSYoungGen      total 24064K, used 0K [0x00000000e5b00000, 0x00000000e8280000, 0x0000000100000000)
  eden space 20992K, 0% used [0x00000000e5b00000,0x00000000e5b00000,0x00000000e6f80000)
  from space 3072K, 0% used [0x00000000e6f80000,0x00000000e6f80000,0x00000000e7280000)
  to   space 3072K, 0% used [0x00000000e7f80000,0x00000000e7f80000,0x00000000e8280000)
 ParOldGen       total 110592K, used 43136K [0x00000000b1000000, 0x00000000b7c00000, 0x00000000e5b00000)
  object space 110592K, 39% used [0x00000000b1000000,0x00000000b3a20300,0x00000000b7c00000)
 Metaspace       used 17166K, capacity 17354K, committed 17792K, reserved 1064960K
  class space    used 1988K, capacity 2052K, committed 2176K, reserved 1048576K
}
Event: 25.430 GC heap before
{Heap before GC invocations=6 (full 2):
 PSYoungGen      total 24064K, used 20992K [0x00000000e5b00000, 0x00000000e8280000, 0x0000000100000000)
  eden space 20992K, 100% used [0x00000000e5b00000,0x00000000e6f80000,0x00000000e6f80000)
  from space 3072K, 0% used [0x00000000e6f80000,0x00000000e6f80000,0x00000000e7280000)
  to   space 3072K, 0% used [0x00000000e7f80000,0x00000000e7f80000,0x00000000e8280000)
 ParOldGen       total 110592K, used 43136K [0x00000000b1000000, 0x00000000b7c00000, 0x00000000e5b00000)
  object space 110592K, 39% used [0x00000000b1000000,0x00000000b3a20300,0x00000000b7c00000)
 Metaspace       used 17490K, capacity 17744K, committed 18048K, reserved 1064960K
  class space    used 2024K, capacity 2117K, committed 2176K, reserved 1048576K
Event: 25.444 GC heap after
Heap after GC invocations=6 (full 2):
 PSYoungGen      total 37376K, used 2010K [0x00000000e5b00000, 0x00000000e8300000, 0x0000000100000000)
  eden space 34304K, 0% used [0x00000000e5b00000,0x00000000e5b00000,0x00000000e7c80000)
  from space 3072K, 65% used [0x00000000e7f80000,0x00000000e8176b78,0x00000000e8280000)
  to   space 3072K, 0% used [0x00000000e7c80000,0x00000000e7c80000,0x00000000e7f80000)
 ParOldGen       total 110592K, used 45980K [0x00000000b1000000, 0x00000000b7c00000, 0x00000000e5b00000)
  object space 110592K, 41% used [0x00000000b1000000,0x00000000b3ce7050,0x00000000b7c00000)
 Metaspace       used 17490K, capacity 17744K, committed 18048K, reserved 1064960K
  class space    used 2024K, capacity 2117K, committed 2176K, reserved 1048576K
}

