# JRE version: Java(TM) SE Runtime Environment (8.0_251-b08) (build 1.8.0_251-b08)
# Java VM: Java HotSpot(TM) 64-Bit Server VM (25.251-b08 mixed mode windows-amd64 compressed oops)
Heap:
 PSYoungGen      total 71168K, used 7686K [0x00000000e5b00000, 0x00000000ea400000, 0x0000000100000000)
  eden space 68096K, 8% used [0x00000000e5b00000,0x00000000e60a68a0,0x00000000e9d80000)
  from space 3072K, 61% used [0x00000000ea080000,0x00000000ea25b318,0x00000000ea380000)
  to   space 3072K, 0% used [0x00000000e9d80000,0x00000000e9d80000,0x00000000ea080000)
 ParOldGen       total 126464K, used 45712K [0x00000000b1000000, 0x00000000b8b80000, 0x00000000e5b00000)
  object space 126464K, 36% used [0x00000000b1000000,0x00000000b3ca4188,0x00000000b8b80000)
 Metaspace       used 17764K, capacity 17978K, committed 18304K, reserved 1064960K
  class space    used 2043K, capacity 2124K, committed 2176K, reserved 1048576K
GC Heap History (10 events):
Event: 3.161 GC heap before
{Heap before GC invocations=2 (full 0):
 PSYoungGen      total 24064K, used 24039K [0x00000000e5b00000, 0x00000000e8a00000, 0x0000000100000000)
  eden space 20992K, 100% used [0x00000000e5b00000,0x00000000e6f80000,0x00000000e6f80000)
  from space 3072K, 99% used [0x00000000e6f80000,0x00000000e7279dd0,0x00000000e7280000)
  to   space 3072K, 0% used [0x00000000e8700000,0x00000000e8700000,0x00000000e8a00000)
 ParOldGen       total 54784K, used 24509K [0x00000000b1000000, 0x00000000b4580000, 0x00000000e5b00000)
  object space 54784K, 44% used [0x00000000b1000000,0x00000000b27ef698,0x00000000b4580000)
 Metaspace       used 13547K, capacity 13764K, committed 13952K, reserved 1060864K
  class space    used 1532K, capacity 1629K, committed 1664K, reserved 1048576K
Event: 3.190 GC heap after
Heap after GC invocations=2 (full 0):
 PSYoungGen      total 45056K, used 2752K [0x00000000e5b00000, 0x00000000e8a00000, 0x0000000100000000)
  eden space 41984K, 0% used [0x00000000e5b00000,0x00000000e5b00000,0x00000000e8400000)
  from space 3072K, 89% used [0x00000000e8700000,0x00000000e89b0000,0x00000000e8a00000)
  to   space 3072K, 0% used [0x00000000e8400000,0x00000000e8400000,0x00000000e8700000)
 ParOldGen       total 54784K, used 48817K [0x00000000b1000000, 0x00000000b4580000, 0x00000000e5b00000)
  object space 54784K, 89% used [0x00000000b1000000,0x00000000b3fac6c8,0x00000000b4580000)
 Metaspace       used 13547K, capacity 13764K, committed 13952K, reserved 1060864K
  class space    used 1532K, capacity 1629K, committed 1664K, reserved 1048576K
}
Event: 3.190 GC heap before
{Heap before GC invocations=3 (full 1):
 PSYoungGen      total 45056K, used 2752K [0x00000000e5b00000, 0x00000000e8a00000, 0x0000000100000000)
  eden space 41984K, 0% used [0x00000000e5b00000,0x00000000e5b00000,0x00000000e8400000)
  from space 3072K, 89% used [0x00000000e8700000,0x00000000e89b0000,0x00000000e8a00000)
  to   space 3072K, 0% used [0x00000000e8400000,0x00000000e8400000,0x00000000e8700000)
 ParOldGen       total 54784K, used 48817K [0x00000000b1000000, 0x00000000b4580000, 0x00000000e5b00000)
  object space 54784K, 89% used [0x00000000b1000000,0x00000000b3fac6c8,0x00000000b4580000)
 Metaspace       used 13547K, capacity 13764K, committed 13952K, reserved 1060864K
  class space    used 1532K, capacity 1629K, committed 1664K, reserved 1048576K
Event: 3.252 GC heap after
Heap after GC invocations=3 (full 1):
 PSYoungGen      total 45056K, used 0K [0x00000000e5b00000, 0x00000000e8a00000, 0x0000000100000000)
  eden space 41984K, 0% used [0x00000000e5b00000,0x00000000e5b00000,0x00000000e8400000)
  from space 3072K, 0% used [0x00000000e8700000,0x00000000e8700000,0x00000000e8a00000)
  to   space 3072K, 0% used [0x00000000e8400000,0x00000000e8400000,0x00000000e8700000)
 ParOldGen       total 71168K, used 18923K [0x00000000b1000000, 0x00000000b5580000, 0x00000000e5b00000)
  object space 71168K, 26% used [0x00000000b1000000,0x00000000b227ac88,0x00000000b5580000)
 Metaspace       used 13547K, capacity 13764K, committed 13952K, reserved 1060864K
  class space    used 1532K, capacity 1629K, committed 1664K, reserved 1048576K
}
Event: 9.272 GC heap before
{Heap before GC invocations=4 (full 1):
 PSYoungGen      total 45056K, used 41984K [0x00000000e5b00000, 0x00000000e8a00000, 0x0000000100000000)
  eden space 41984K, 100% used [0x00000000e5b00000,0x00000000e8400000,0x00000000e8400000)
  from space 3072K, 0% used [0x00000000e8700000,0x00000000e8700000,0x00000000e8a00000)
  to   space 3072K, 0% used [0x00000000e8400000,0x00000000e8400000,0x00000000e8700000)
 ParOldGen       total 71168K, used 18923K [0x00000000b1000000, 0x00000000b5580000, 0x00000000e5b00000)
  object space 71168K, 26% used [0x00000000b1000000,0x00000000b227ac88,0x00000000b5580000)
 Metaspace       used 16770K, capacity 17034K, committed 17280K, reserved 1064960K
  class space    used 1978K, capacity 2052K, committed 2176K, reserved 1048576K
Event: 9.300 GC heap after
Heap after GC invocations=4 (full 1):
 PSYoungGen      total 45056K, used 3051K [0x00000000e5b00000, 0x00000000ea380000, 0x0000000100000000)
  eden space 41984K, 0% used [0x00000000e5b00000,0x00000000e5b00000,0x00000000e8400000)
  from space 3072K, 99% used [0x00000000e8400000,0x00000000e86fad30,0x00000000e8700000)
  to   space 3072K, 0% used [0x00000000ea080000,0x00000000ea080000,0x00000000ea380000)
 ParOldGen       total 71168K, used 63152K [0x00000000b1000000, 0x00000000b5580000, 0x00000000e5b00000)
  object space 71168K, 88% used [0x00000000b1000000,0x00000000b4dac128,0x00000000b5580000)
 Metaspace       used 16770K, capacity 17034K, committed 17280K, reserved 1064960K
  class space    used 1978K, capacity 2052K, committed 2176K, reserved 1048576K
}
Event: 9.301 GC heap before
{Heap before GC invocations=5 (full 2):
 PSYoungGen      total 45056K, used 3051K [0x00000000e5b00000, 0x00000000ea380000, 0x0000000100000000)
  eden space 41984K, 0% used [0x00000000e5b00000,0x00000000e5b00000,0x00000000e8400000)
  from space 3072K, 99% used [0x00000000e8400000,0x00000000e86fad30,0x00000000e8700000)
  to   space 3072K, 0% used [0x00000000ea080000,0x00000000ea080000,0x00000000ea380000)
 ParOldGen       total 71168K, used 63152K [0x00000000b1000000, 0x00000000b5580000, 0x00000000e5b00000)
  object space 71168K, 88% used [0x00000000b1000000,0x00000000b4dac128,0x00000000b5580000)
 Metaspace       used 16770K, capacity 17034K, committed 17280K, reserved 1064960K
  class space    used 1978K, capacity 2052K, committed 2176K, reserved 1048576K
Event: 9.357 GC heap after
Heap after GC invocations=5 (full 2):
 PSYoungGen      total 45056K, used 0K [0x00000000e5b00000, 0x00000000ea380000, 0x0000000100000000)
  eden space 41984K, 0% used [0x00000000e5b00000,0x00000000e5b00000,0x00000000e8400000)
  from space 3072K, 0% used [0x00000000e8400000,0x00000000e8400000,0x00000000e8700000)
  to   space 3072K, 0% used [0x00000000ea080000,0x00000000ea080000,0x00000000ea380000)
 ParOldGen       total 126464K, used 45704K [0x00000000b1000000, 0x00000000b8b80000, 0x00000000e5b00000)
  object space 126464K, 36% used [0x00000000b1000000,0x00000000b3ca2188,0x00000000b8b80000)
 Metaspace       used 16770K, capacity 17034K, committed 17280K, reserved 1064960K
  class space    used 1978K, capacity 2052K, committed 2176K, reserved 1048576K
}
Event: 51.130 GC heap before
{Heap before GC invocations=6 (full 2):
 PSYoungGen      total 45056K, used 41984K [0x00000000e5b00000, 0x00000000ea380000, 0x0000000100000000)
  eden space 41984K, 100% used [0x00000000e5b00000,0x00000000e8400000,0x00000000e8400000)
  from space 3072K, 0% used [0x00000000e8400000,0x00000000e8400000,0x00000000e8700000)
  to   space 3072K, 0% used [0x00000000ea080000,0x00000000ea080000,0x00000000ea380000)
 ParOldGen       total 126464K, used 45704K [0x00000000b1000000, 0x00000000b8b80000, 0x00000000e5b00000)
  object space 126464K, 36% used [0x00000000b1000000,0x00000000b3ca2188,0x00000000b8b80000)
 Metaspace       used 17656K, capacity 17872K, committed 18048K, reserved 1064960K
  class space    used 2039K, capacity 2117K, committed 2176K, reserved 1048576K
Event: 51.137 GC heap after
Heap after GC invocations=6 (full 2):
 PSYoungGen      total 71168K, used 1900K [0x00000000e5b00000, 0x00000000ea400000, 0x0000000100000000)
  eden space 68096K, 0% used [0x00000000e5b00000,0x00000000e5b00000,0x00000000e9d80000)
  from space 3072K, 61% used [0x00000000ea080000,0x00000000ea25b318,0x00000000ea380000)
  to   space 3072K, 0% used [0x00000000e9d80000,0x00000000e9d80000,0x00000000ea080000)
 ParOldGen       total 126464K, used 45712K [0x00000000b1000000, 0x00000000b8b80000, 0x00000000e5b00000)
  object space 126464K, 36% used [0x00000000b1000000,0x00000000b3ca4188,0x00000000b8b80000)
 Metaspace       used 17656K, capacity 17872K, committed 18048K, reserved 1064960K
  class space    used 2039K, capacity 2117K, committed 2176K, reserved 1048576K
}

